{"C:\\Users\\Rahul Vadera\\IACP-3.0\\src\\components\\UI.tsx": {"path":"C:\\Users\\Rahul Vadera\\IACP-3.0\\src\\components\\UI.tsx","statementMap":{"0":{"start":{"line":7,"column":2},"end":{"line":7,"column":null}},"1":{"start":{"line":27,"column":22},"end":{"line":82,"column":null}},"2":{"start":{"line":30,"column":21},"end":{"line":43,"column":null}},"3":{"start":{"line":46,"column":18},"end":{"line":50,"column":null}},"4":{"start":{"line":52,"column":4},"end":{"line":79,"column":null}},"5":{"start":{"line":84,"column":0},"end":{"line":84,"column":null}},"6":{"start":{"line":98,"column":20},"end":{"line":128,"column":null}},"7":{"start":{"line":99,"column":19},"end":{"line":103,"column":null}},"8":{"start":{"line":105,"column":24},"end":{"line":110,"column":null}},"9":{"start":{"line":112,"column":2},"end":{"line":126,"column":null}},"10":{"start":{"line":145,"column":21},"end":{"line":183,"column":null}},"11":{"start":{"line":147,"column":19},"end":{"line":160,"column":null}},"12":{"start":{"line":162,"column":16},"end":{"line":165,"column":null}},"13":{"start":{"line":167,"column":2},"end":{"line":181,"column":null}},"14":{"start":{"line":202,"column":21},"end":{"line":276,"column":null}},"15":{"start":{"line":204,"column":20},"end":{"line":204,"column":null}},"16":{"start":{"line":205,"column":20},"end":{"line":205,"column":null}},"17":{"start":{"line":206,"column":19},"end":{"line":206,"column":null}},"18":{"start":{"line":208,"column":4},"end":{"line":273,"column":null}},"19":{"start":{"line":278,"column":0},"end":{"line":278,"column":null}},"20":{"start":{"line":292,"column":22},"end":{"line":359,"column":null}},"21":{"start":{"line":294,"column":21},"end":{"line":294,"column":null}},"22":{"start":{"line":296,"column":4},"end":{"line":356,"column":null}},"23":{"start":{"line":331,"column":14},"end":{"line":333,"column":null}},"24":{"start":{"line":361,"column":0},"end":{"line":361,"column":null}},"25":{"start":{"line":374,"column":24},"end":{"line":428,"column":null}},"26":{"start":{"line":376,"column":23},"end":{"line":376,"column":null}},"27":{"start":{"line":378,"column":4},"end":{"line":425,"column":null}},"28":{"start":{"line":430,"column":0},"end":{"line":430,"column":null}},"29":{"start":{"line":444,"column":21},"end":{"line":504,"column":null}},"30":{"start":{"line":445,"column":19},"end":{"line":450,"column":null}},"31":{"start":{"line":452,"column":16},"end":{"line":473,"column":null}},"32":{"start":{"line":475,"column":2},"end":{"line":502,"column":null}},"33":{"start":{"line":517,"column":20},"end":{"line":545,"column":null}},"34":{"start":{"line":518,"column":19},"end":{"line":522,"column":null}},"35":{"start":{"line":524,"column":2},"end":{"line":543,"column":null}}},"fnMap":{"0":{"name":"cn","decl":{"start":{"line":6,"column":16},"end":{"line":6,"column":22}},"loc":{"start":{"line":6,"column":44},"end":{"line":8,"column":null}},"line":6},"1":{"name":"(anonymous_1)","decl":{"start":{"line":28,"column":2},"end":{"line":28,"column":3}},"loc":{"start":{"line":28,"column":122},"end":{"line":81,"column":null}},"line":28},"2":{"name":"(anonymous_2)","decl":{"start":{"line":98,"column":20},"end":{"line":98,"column":21}},"loc":{"start":{"line":98,"column":116},"end":{"line":128,"column":null}},"line":98},"3":{"name":"(anonymous_3)","decl":{"start":{"line":145,"column":21},"end":{"line":145,"column":22}},"loc":{"start":{"line":145,"column":103},"end":{"line":183,"column":null}},"line":145},"4":{"name":"(anonymous_4)","decl":{"start":{"line":203,"column":2},"end":{"line":203,"column":3}},"loc":{"start":{"line":203,"column":97},"end":{"line":275,"column":null}},"line":203},"5":{"name":"(anonymous_5)","decl":{"start":{"line":293,"column":2},"end":{"line":293,"column":3}},"loc":{"start":{"line":293,"column":79},"end":{"line":358,"column":null}},"line":293},"6":{"name":"(anonymous_6)","decl":{"start":{"line":330,"column":25},"end":{"line":330,"column":26}},"loc":{"start":{"line":331,"column":14},"end":{"line":333,"column":null}},"line":331},"7":{"name":"(anonymous_7)","decl":{"start":{"line":375,"column":2},"end":{"line":375,"column":3}},"loc":{"start":{"line":375,"column":70},"end":{"line":427,"column":null}},"line":375},"8":{"name":"(anonymous_8)","decl":{"start":{"line":444,"column":21},"end":{"line":444,"column":22}},"loc":{"start":{"line":444,"column":98},"end":{"line":504,"column":null}},"line":444},"9":{"name":"(anonymous_9)","decl":{"start":{"line":517,"column":20},"end":{"line":517,"column":21}},"loc":{"start":{"line":517,"column":107},"end":{"line":545,"column":null}},"line":517}},"branchMap":{"0":{"loc":{"start":{"line":28,"column":16},"end":{"line":28,"column":37}},"type":"default-arg","locations":[{"start":{"line":28,"column":26},"end":{"line":28,"column":37}}],"line":28},"1":{"loc":{"start":{"line":28,"column":37},"end":{"line":28,"column":50}},"type":"default-arg","locations":[{"start":{"line":28,"column":44},"end":{"line":28,"column":50}}],"line":28},"2":{"loc":{"start":{"line":55,"column":18},"end":{"line":55,"column":null}},"type":"binary-expr","locations":[{"start":{"line":55,"column":18},"end":{"line":55,"column":30}},{"start":{"line":55,"column":30},"end":{"line":55,"column":null}}],"line":55},"3":{"loc":{"start":{"line":70,"column":9},"end":{"line":74,"column":null}},"type":"binary-expr","locations":[{"start":{"line":70,"column":9},"end":{"line":70,"column":null}},{"start":{"line":71,"column":10},"end":{"line":74,"column":null}}],"line":70},"4":{"loc":{"start":{"line":76,"column":9},"end":{"line":76,"column":null}},"type":"binary-expr","locations":[{"start":{"line":76,"column":9},"end":{"line":76,"column":21}},{"start":{"line":76,"column":21},"end":{"line":76,"column":null}}],"line":76},"5":{"loc":{"start":{"line":78,"column":9},"end":{"line":78,"column":null}},"type":"binary-expr","locations":[{"start":{"line":78,"column":9},"end":{"line":78,"column":22}},{"start":{"line":78,"column":22},"end":{"line":78,"column":null}}],"line":78},"6":{"loc":{"start":{"line":98,"column":53},"end":{"line":98,"column":74}},"type":"default-arg","locations":[{"start":{"line":98,"column":63},"end":{"line":98,"column":74}}],"line":98},"7":{"loc":{"start":{"line":98,"column":74},"end":{"line":98,"column":90}},"type":"default-arg","locations":[{"start":{"line":98,"column":84},"end":{"line":98,"column":90}}],"line":98},"8":{"loc":{"start":{"line":120,"column":8},"end":{"line":120,"column":null}},"type":"binary-expr","locations":[{"start":{"line":120,"column":8},"end":{"line":120,"column":19}},{"start":{"line":120,"column":19},"end":{"line":120,"column":null}}],"line":120},"9":{"loc":{"start":{"line":145,"column":34},"end":{"line":145,"column":55}},"type":"default-arg","locations":[{"start":{"line":145,"column":44},"end":{"line":145,"column":55}}],"line":145},"10":{"loc":{"start":{"line":145,"column":55},"end":{"line":145,"column":68}},"type":"default-arg","locations":[{"start":{"line":145,"column":62},"end":{"line":145,"column":68}}],"line":145},"11":{"loc":{"start":{"line":178,"column":18},"end":{"line":178,"column":null}},"type":"cond-expr","locations":[{"start":{"line":178,"column":49},"end":{"line":178,"column":60}},{"start":{"line":178,"column":60},"end":{"line":178,"column":null}}],"line":178},"12":{"loc":{"start":{"line":204,"column":20},"end":{"line":204,"column":null}},"type":"binary-expr","locations":[{"start":{"line":204,"column":20},"end":{"line":204,"column":26}},{"start":{"line":204,"column":26},"end":{"line":204,"column":null}}],"line":204},"13":{"loc":{"start":{"line":210,"column":9},"end":{"line":220,"column":null}},"type":"binary-expr","locations":[{"start":{"line":210,"column":9},"end":{"line":210,"column":null}},{"start":{"line":211,"column":10},"end":{"line":220,"column":null}}],"line":210},"14":{"loc":{"start":{"line":215,"column":14},"end":{"line":215,"column":null}},"type":"cond-expr","locations":[{"start":{"line":215,"column":22},"end":{"line":215,"column":41}},{"start":{"line":215,"column":41},"end":{"line":215,"column":null}}],"line":215},"15":{"loc":{"start":{"line":219,"column":13},"end":{"line":219,"column":null}},"type":"binary-expr","locations":[{"start":{"line":219,"column":13},"end":{"line":219,"column":25}},{"start":{"line":219,"column":25},"end":{"line":219,"column":null}}],"line":219},"16":{"loc":{"start":{"line":224,"column":11},"end":{"line":227,"column":null}},"type":"binary-expr","locations":[{"start":{"line":224,"column":11},"end":{"line":224,"column":null}},{"start":{"line":225,"column":12},"end":{"line":227,"column":null}}],"line":224},"17":{"loc":{"start":{"line":239,"column":14},"end":{"line":239,"column":null}},"type":"binary-expr","locations":[{"start":{"line":239,"column":14},"end":{"line":239,"column":29}},{"start":{"line":239,"column":29},"end":{"line":239,"column":null}}],"line":239},"18":{"loc":{"start":{"line":240,"column":14},"end":{"line":240,"column":null}},"type":"binary-expr","locations":[{"start":{"line":240,"column":14},"end":{"line":240,"column":30}},{"start":{"line":240,"column":30},"end":{"line":240,"column":null}}],"line":240},"19":{"loc":{"start":{"line":241,"column":14},"end":{"line":243,"column":null}},"type":"cond-expr","locations":[{"start":{"line":242,"column":18},"end":{"line":242,"column":null}},{"start":{"line":243,"column":18},"end":{"line":243,"column":null}}],"line":241},"20":{"loc":{"start":{"line":246,"column":26},"end":{"line":246,"column":null}},"type":"cond-expr","locations":[{"start":{"line":246,"column":34},"end":{"line":246,"column":43}},{"start":{"line":246,"column":43},"end":{"line":246,"column":null}}],"line":246},"21":{"loc":{"start":{"line":247,"column":30},"end":{"line":247,"column":null}},"type":"cond-expr","locations":[{"start":{"line":247,"column":38},"end":{"line":247,"column":48}},{"start":{"line":247,"column":48},"end":{"line":247,"column":null}}],"line":247},"22":{"loc":{"start":{"line":247,"column":48},"end":{"line":247,"column":null}},"type":"cond-expr","locations":[{"start":{"line":247,"column":55},"end":{"line":247,"column":64}},{"start":{"line":247,"column":64},"end":{"line":247,"column":null}}],"line":247},"23":{"loc":{"start":{"line":252,"column":11},"end":{"line":255,"column":null}},"type":"binary-expr","locations":[{"start":{"line":252,"column":11},"end":{"line":252,"column":null}},{"start":{"line":253,"column":12},"end":{"line":255,"column":null}}],"line":252},"24":{"loc":{"start":{"line":259,"column":9},"end":{"line":265,"column":null}},"type":"binary-expr","locations":[{"start":{"line":259,"column":9},"end":{"line":259,"column":null}},{"start":{"line":260,"column":10},"end":{"line":265,"column":null}}],"line":259},"25":{"loc":{"start":{"line":268,"column":9},"end":{"line":271,"column":null}},"type":"binary-expr","locations":[{"start":{"line":268,"column":9},"end":{"line":268,"column":17}},{"start":{"line":268,"column":17},"end":{"line":268,"column":null}},{"start":{"line":269,"column":10},"end":{"line":271,"column":null}}],"line":268},"26":{"loc":{"start":{"line":294,"column":21},"end":{"line":294,"column":null}},"type":"binary-expr","locations":[{"start":{"line":294,"column":21},"end":{"line":294,"column":27}},{"start":{"line":294,"column":27},"end":{"line":294,"column":null}}],"line":294},"27":{"loc":{"start":{"line":298,"column":9},"end":{"line":308,"column":null}},"type":"binary-expr","locations":[{"start":{"line":298,"column":9},"end":{"line":298,"column":null}},{"start":{"line":299,"column":10},"end":{"line":308,"column":null}}],"line":298},"28":{"loc":{"start":{"line":303,"column":14},"end":{"line":303,"column":null}},"type":"cond-expr","locations":[{"start":{"line":303,"column":22},"end":{"line":303,"column":41}},{"start":{"line":303,"column":41},"end":{"line":303,"column":null}}],"line":303},"29":{"loc":{"start":{"line":307,"column":13},"end":{"line":307,"column":null}},"type":"binary-expr","locations":[{"start":{"line":307,"column":13},"end":{"line":307,"column":25}},{"start":{"line":307,"column":25},"end":{"line":307,"column":null}}],"line":307},"30":{"loc":{"start":{"line":321,"column":14},"end":{"line":323,"column":null}},"type":"cond-expr","locations":[{"start":{"line":322,"column":18},"end":{"line":322,"column":null}},{"start":{"line":323,"column":18},"end":{"line":323,"column":null}}],"line":321},"31":{"loc":{"start":{"line":326,"column":26},"end":{"line":326,"column":null}},"type":"cond-expr","locations":[{"start":{"line":326,"column":34},"end":{"line":326,"column":43}},{"start":{"line":326,"column":43},"end":{"line":326,"column":null}}],"line":326},"32":{"loc":{"start":{"line":344,"column":9},"end":{"line":350,"column":null}},"type":"binary-expr","locations":[{"start":{"line":344,"column":9},"end":{"line":344,"column":null}},{"start":{"line":345,"column":10},"end":{"line":350,"column":null}}],"line":344},"33":{"loc":{"start":{"line":353,"column":9},"end":{"line":354,"column":null}},"type":"binary-expr","locations":[{"start":{"line":353,"column":9},"end":{"line":353,"column":17}},{"start":{"line":353,"column":17},"end":{"line":353,"column":null}},{"start":{"line":354,"column":10},"end":{"line":354,"column":null}}],"line":353},"34":{"loc":{"start":{"line":376,"column":23},"end":{"line":376,"column":null}},"type":"binary-expr","locations":[{"start":{"line":376,"column":23},"end":{"line":376,"column":29}},{"start":{"line":376,"column":29},"end":{"line":376,"column":null}}],"line":376},"35":{"loc":{"start":{"line":380,"column":9},"end":{"line":390,"column":null}},"type":"binary-expr","locations":[{"start":{"line":380,"column":9},"end":{"line":380,"column":null}},{"start":{"line":381,"column":10},"end":{"line":390,"column":null}}],"line":380},"36":{"loc":{"start":{"line":385,"column":14},"end":{"line":385,"column":null}},"type":"cond-expr","locations":[{"start":{"line":385,"column":22},"end":{"line":385,"column":41}},{"start":{"line":385,"column":41},"end":{"line":385,"column":null}}],"line":385},"37":{"loc":{"start":{"line":389,"column":13},"end":{"line":389,"column":null}},"type":"binary-expr","locations":[{"start":{"line":389,"column":13},"end":{"line":389,"column":25}},{"start":{"line":389,"column":25},"end":{"line":389,"column":null}}],"line":389},"38":{"loc":{"start":{"line":403,"column":12},"end":{"line":405,"column":null}},"type":"cond-expr","locations":[{"start":{"line":404,"column":16},"end":{"line":404,"column":null}},{"start":{"line":405,"column":16},"end":{"line":405,"column":null}}],"line":403},"39":{"loc":{"start":{"line":408,"column":24},"end":{"line":408,"column":null}},"type":"cond-expr","locations":[{"start":{"line":408,"column":32},"end":{"line":408,"column":41}},{"start":{"line":408,"column":41},"end":{"line":408,"column":null}}],"line":408},"40":{"loc":{"start":{"line":413,"column":9},"end":{"line":419,"column":null}},"type":"binary-expr","locations":[{"start":{"line":413,"column":9},"end":{"line":413,"column":null}},{"start":{"line":414,"column":10},"end":{"line":419,"column":null}}],"line":413},"41":{"loc":{"start":{"line":422,"column":9},"end":{"line":423,"column":null}},"type":"binary-expr","locations":[{"start":{"line":422,"column":9},"end":{"line":422,"column":17}},{"start":{"line":422,"column":17},"end":{"line":422,"column":null}},{"start":{"line":423,"column":10},"end":{"line":423,"column":null}}],"line":422},"42":{"loc":{"start":{"line":444,"column":34},"end":{"line":444,"column":52}},"type":"default-arg","locations":[{"start":{"line":444,"column":44},"end":{"line":444,"column":52}}],"line":444},"43":{"loc":{"start":{"line":486,"column":9},"end":{"line":487,"column":null}},"type":"binary-expr","locations":[{"start":{"line":486,"column":9},"end":{"line":486,"column":null}},{"start":{"line":487,"column":10},"end":{"line":487,"column":null}}],"line":486},"44":{"loc":{"start":{"line":491,"column":7},"end":{"line":500,"column":null}},"type":"binary-expr","locations":[{"start":{"line":491,"column":7},"end":{"line":491,"column":null}},{"start":{"line":492,"column":8},"end":{"line":500,"column":null}}],"line":491},"45":{"loc":{"start":{"line":517,"column":39},"end":{"line":517,"column":60}},"type":"default-arg","locations":[{"start":{"line":517,"column":49},"end":{"line":517,"column":60}}],"line":517},"46":{"loc":{"start":{"line":533,"column":14},"end":{"line":533,"column":null}},"type":"cond-expr","locations":[{"start":{"line":533,"column":25},"end":{"line":533,"column":36}},{"start":{"line":533,"column":36},"end":{"line":533,"column":null}}],"line":533},"47":{"loc":{"start":{"line":534,"column":11},"end":{"line":534,"column":null}},"type":"cond-expr","locations":[{"start":{"line":534,"column":22},"end":{"line":534,"column":46}},{"start":{"line":534,"column":46},"end":{"line":534,"column":null}}],"line":534},"48":{"loc":{"start":{"line":538,"column":7},"end":{"line":541,"column":null}},"type":"binary-expr","locations":[{"start":{"line":538,"column":7},"end":{"line":538,"column":null}},{"start":{"line":539,"column":8},"end":{"line":541,"column":null}}],"line":538}},"s":{"0":20,"1":1,"2":20,"3":20,"4":20,"5":1,"6":1,"7":0,"8":0,"9":0,"10":1,"11":0,"12":0,"13":0,"14":1,"15":0,"16":0,"17":0,"18":0,"19":1,"20":1,"21":0,"22":0,"23":0,"24":1,"25":1,"26":0,"27":0,"28":1,"29":1,"30":0,"31":0,"32":0,"33":1,"34":0,"35":0},"f":{"0":20,"1":20,"2":0,"3":0,"4":0,"5":0,"6":0,"7":0,"8":0,"9":0},"b":{"0":[20],"1":[20],"2":[20,20],"3":[20,0],"4":[20,0],"5":[20,0],"6":[0],"7":[0],"8":[0,0],"9":[0],"10":[0],"11":[0,0],"12":[0,0],"13":[0,0],"14":[0,0],"15":[0,0],"16":[0,0],"17":[0,0],"18":[0,0],"19":[0,0],"20":[0,0],"21":[0,0],"22":[0,0],"23":[0,0],"24":[0,0],"25":[0,0,0],"26":[0,0],"27":[0,0],"28":[0,0],"29":[0,0],"30":[0,0],"31":[0,0],"32":[0,0],"33":[0,0,0],"34":[0,0],"35":[0,0],"36":[0,0],"37":[0,0],"38":[0,0],"39":[0,0],"40":[0,0],"41":[0,0,0],"42":[0],"43":[0,0],"44":[0,0],"45":[0],"46":[0,0],"47":[0,0],"48":[0,0]},"meta":{"lastBranch":49,"lastFunction":10,"lastStatement":36,"seen":{"f:6:16:6:22":0,"s:7:2:7:Infinity":0,"s:27:22:82:Infinity":1,"f:28:2:28:3":1,"b:28:26:28:37":0,"b:28:44:28:50":1,"s:30:21:43:Infinity":2,"s:46:18:50:Infinity":3,"s:52:4:79:Infinity":4,"b:55:18:55:30:55:30:55:Infinity":2,"b:70:9:70:Infinity:71:10:74:Infinity":3,"b:76:9:76:21:76:21:76:Infinity":4,"b:78:9:78:22:78:22:78:Infinity":5,"s:84:0:84:Infinity":5,"s:98:20:128:Infinity":6,"f:98:20:98:21":2,"b:98:63:98:74":6,"b:98:84:98:90":7,"s:99:19:103:Infinity":7,"s:105:24:110:Infinity":8,"s:112:2:126:Infinity":9,"b:120:8:120:19:120:19:120:Infinity":8,"s:145:21:183:Infinity":10,"f:145:21:145:22":3,"b:145:44:145:55":9,"b:145:62:145:68":10,"s:147:19:160:Infinity":11,"s:162:16:165:Infinity":12,"s:167:2:181:Infinity":13,"b:178:49:178:60:178:60:178:Infinity":11,"s:202:21:276:Infinity":14,"f:203:2:203:3":4,"s:204:20:204:Infinity":15,"b:204:20:204:26:204:26:204:Infinity":12,"s:205:20:205:Infinity":16,"s:206:19:206:Infinity":17,"s:208:4:273:Infinity":18,"b:210:9:210:Infinity:211:10:220:Infinity":13,"b:215:22:215:41:215:41:215:Infinity":14,"b:219:13:219:25:219:25:219:Infinity":15,"b:224:11:224:Infinity:225:12:227:Infinity":16,"b:239:14:239:29:239:29:239:Infinity":17,"b:240:14:240:30:240:30:240:Infinity":18,"b:242:18:242:Infinity:243:18:243:Infinity":19,"b:246:34:246:43:246:43:246:Infinity":20,"b:247:38:247:48:247:48:247:Infinity":21,"b:247:55:247:64:247:64:247:Infinity":22,"b:252:11:252:Infinity:253:12:255:Infinity":23,"b:259:9:259:Infinity:260:10:265:Infinity":24,"b:268:9:268:17:268:17:268:Infinity:269:10:271:Infinity":25,"s:278:0:278:Infinity":19,"s:292:22:359:Infinity":20,"f:293:2:293:3":5,"s:294:21:294:Infinity":21,"b:294:21:294:27:294:27:294:Infinity":26,"s:296:4:356:Infinity":22,"b:298:9:298:Infinity:299:10:308:Infinity":27,"b:303:22:303:41:303:41:303:Infinity":28,"b:307:13:307:25:307:25:307:Infinity":29,"b:322:18:322:Infinity:323:18:323:Infinity":30,"b:326:34:326:43:326:43:326:Infinity":31,"f:330:25:330:26":6,"s:331:14:333:Infinity":23,"b:344:9:344:Infinity:345:10:350:Infinity":32,"b:353:9:353:17:353:17:353:Infinity:354:10:354:Infinity":33,"s:361:0:361:Infinity":24,"s:374:24:428:Infinity":25,"f:375:2:375:3":7,"s:376:23:376:Infinity":26,"b:376:23:376:29:376:29:376:Infinity":34,"s:378:4:425:Infinity":27,"b:380:9:380:Infinity:381:10:390:Infinity":35,"b:385:22:385:41:385:41:385:Infinity":36,"b:389:13:389:25:389:25:389:Infinity":37,"b:404:16:404:Infinity:405:16:405:Infinity":38,"b:408:32:408:41:408:41:408:Infinity":39,"b:413:9:413:Infinity:414:10:419:Infinity":40,"b:422:9:422:17:422:17:422:Infinity:423:10:423:Infinity":41,"s:430:0:430:Infinity":28,"s:444:21:504:Infinity":29,"f:444:21:444:22":8,"b:444:44:444:52":42,"s:445:19:450:Infinity":30,"s:452:16:473:Infinity":31,"s:475:2:502:Infinity":32,"b:486:9:486:Infinity:487:10:487:Infinity":43,"b:491:7:491:Infinity:492:8:500:Infinity":44,"s:517:20:545:Infinity":33,"f:517:20:517:21":9,"b:517:49:517:60":45,"s:518:19:522:Infinity":34,"s:524:2:543:Infinity":35,"b:533:25:533:36:533:36:533:Infinity":46,"b:534:22:534:46:534:46:534:Infinity":47,"b:538:7:538:Infinity:539:8:541:Infinity":48}}}
,"C:\\Users\\Rahul Vadera\\IACP-3.0\\src\\components\\UI\\ActionMenu.tsx": {"path":"C:\\Users\\Rahul Vadera\\IACP-3.0\\src\\components\\UI\\ActionMenu.tsx","statementMap":{"0":{"start":{"line":49,"column":26},"end":{"line":49,"column":null}},"1":{"start":{"line":50,"column":8},"end":{"line":50,"column":null}},"2":{"start":{"line":51,"column":8},"end":{"line":51,"column":null}},"3":{"start":{"line":54,"column":23},"end":{"line":54,"column":null}},"4":{"start":{"line":54,"column":44},"end":{"line":54,"column":68}},"5":{"start":{"line":57,"column":2},"end":{"line":66,"column":null}},"6":{"start":{"line":58,"column":31},"end":{"line":62,"column":null}},"7":{"start":{"line":59,"column":6},"end":{"line":61,"column":null}},"8":{"start":{"line":60,"column":8},"end":{"line":60,"column":null}},"9":{"start":{"line":64,"column":4},"end":{"line":64,"column":null}},"10":{"start":{"line":65,"column":4},"end":{"line":65,"column":null}},"11":{"start":{"line":65,"column":17},"end":{"line":65,"column":null}},"12":{"start":{"line":69,"column":2},"end":{"line":73,"column":null}},"13":{"start":{"line":70,"column":4},"end":{"line":72,"column":null}},"14":{"start":{"line":71,"column":6},"end":{"line":71,"column":null}},"15":{"start":{"line":71,"column":30},"end":{"line":71,"column":null}},"16":{"start":{"line":75,"column":27},"end":{"line":78,"column":null}},"17":{"start":{"line":76,"column":4},"end":{"line":76,"column":null}},"18":{"start":{"line":76,"column":28},"end":{"line":76,"column":null}},"19":{"start":{"line":77,"column":4},"end":{"line":77,"column":null}},"20":{"start":{"line":80,"column":27},"end":{"line":84,"column":null}},"21":{"start":{"line":81,"column":4},"end":{"line":83,"column":null}},"22":{"start":{"line":82,"column":6},"end":{"line":82,"column":null}},"23":{"start":{"line":86,"column":28},"end":{"line":91,"column":null}},"24":{"start":{"line":87,"column":4},"end":{"line":90,"column":null}},"25":{"start":{"line":88,"column":6},"end":{"line":88,"column":null}},"26":{"start":{"line":89,"column":6},"end":{"line":89,"column":null}},"27":{"start":{"line":93,"column":27},"end":{"line":106,"column":null}},"28":{"start":{"line":94,"column":4},"end":{"line":105,"column":null}},"29":{"start":{"line":96,"column":8},"end":{"line":96,"column":null}},"30":{"start":{"line":98,"column":8},"end":{"line":98,"column":null}},"31":{"start":{"line":100,"column":8},"end":{"line":100,"column":null}},"32":{"start":{"line":102,"column":8},"end":{"line":102,"column":null}},"33":{"start":{"line":104,"column":8},"end":{"line":104,"column":null}},"34":{"start":{"line":108,"column":23},"end":{"line":121,"column":null}},"35":{"start":{"line":109,"column":4},"end":{"line":120,"column":null}},"36":{"start":{"line":111,"column":8},"end":{"line":111,"column":null}},"37":{"start":{"line":113,"column":8},"end":{"line":113,"column":null}},"38":{"start":{"line":115,"column":8},"end":{"line":115,"column":null}},"39":{"start":{"line":117,"column":8},"end":{"line":117,"column":null}},"40":{"start":{"line":119,"column":8},"end":{"line":119,"column":null}},"41":{"start":{"line":123,"column":22},"end":{"line":127,"column":null}},"42":{"start":{"line":129,"column":2},"end":{"line":208,"column":null}},"43":{"start":{"line":141,"column":23},"end":{"line":141,"column":null}},"44":{"start":{"line":170,"column":16},"end":{"line":190,"column":null}},"45":{"start":{"line":172,"column":35},"end":{"line":172,"column":null}},"46":{"start":{"line":197,"column":20},"end":{"line":200,"column":null}},"47":{"start":{"line":213,"column":27},"end":{"line":269,"column":null}},"48":{"start":{"line":214,"column":54},"end":{"line":220,"column":null}},"49":{"start":{"line":222,"column":56},"end":{"line":228,"column":null}},"50":{"start":{"line":230,"column":60},"end":{"line":236,"column":null}},"51":{"start":{"line":238,"column":59},"end":{"line":244,"column":null}},"52":{"start":{"line":246,"column":61},"end":{"line":252,"column":null}},"53":{"start":{"line":254,"column":55},"end":{"line":260,"column":null}},"54":{"start":{"line":262,"column":57},"end":{"line":268,"column":null}}},"fnMap":{"0":{"name":"ActionMenu","decl":{"start":{"line":42,"column":24},"end":{"line":42,"column":35}},"loc":{"start":{"line":48,"column":20},"end":{"line":210,"column":null}},"line":48},"1":{"name":"(anonymous_1)","decl":{"start":{"line":54,"column":36},"end":{"line":54,"column":44}},"loc":{"start":{"line":54,"column":44},"end":{"line":54,"column":68}},"line":54},"2":{"name":"(anonymous_2)","decl":{"start":{"line":57,"column":12},"end":{"line":57,"column":18}},"loc":{"start":{"line":57,"column":18},"end":{"line":66,"column":5}},"line":57},"3":{"name":"(anonymous_3)","decl":{"start":{"line":58,"column":31},"end":{"line":58,"column":32}},"loc":{"start":{"line":58,"column":54},"end":{"line":62,"column":null}},"line":58},"4":{"name":"(anonymous_4)","decl":{"start":{"line":65,"column":11},"end":{"line":65,"column":17}},"loc":{"start":{"line":65,"column":17},"end":{"line":65,"column":null}},"line":65},"5":{"name":"(anonymous_5)","decl":{"start":{"line":69,"column":12},"end":{"line":69,"column":18}},"loc":{"start":{"line":69,"column":18},"end":{"line":73,"column":5}},"line":69},"6":{"name":"(anonymous_6)","decl":{"start":{"line":70,"column":11},"end":{"line":70,"column":17}},"loc":{"start":{"line":70,"column":17},"end":{"line":72,"column":null}},"line":70},"7":{"name":"(anonymous_7)","decl":{"start":{"line":75,"column":27},"end":{"line":75,"column":33}},"loc":{"start":{"line":75,"column":33},"end":{"line":78,"column":null}},"line":75},"8":{"name":"(anonymous_8)","decl":{"start":{"line":80,"column":27},"end":{"line":80,"column":33}},"loc":{"start":{"line":80,"column":33},"end":{"line":84,"column":null}},"line":80},"9":{"name":"(anonymous_9)","decl":{"start":{"line":81,"column":36},"end":{"line":81,"column":42}},"loc":{"start":{"line":81,"column":42},"end":{"line":83,"column":7}},"line":81},"10":{"name":"(anonymous_10)","decl":{"start":{"line":86,"column":28},"end":{"line":86,"column":29}},"loc":{"start":{"line":86,"column":54},"end":{"line":91,"column":null}},"line":86},"11":{"name":"(anonymous_11)","decl":{"start":{"line":93,"column":27},"end":{"line":93,"column":28}},"loc":{"start":{"line":93,"column":48},"end":{"line":106,"column":null}},"line":93},"12":{"name":"(anonymous_12)","decl":{"start":{"line":108,"column":23},"end":{"line":108,"column":24}},"loc":{"start":{"line":108,"column":44},"end":{"line":121,"column":null}},"line":108},"13":{"name":"(anonymous_13)","decl":{"start":{"line":141,"column":17},"end":{"line":141,"column":23}},"loc":{"start":{"line":141,"column":23},"end":{"line":141,"column":null}},"line":141},"14":{"name":"(anonymous_14)","decl":{"start":{"line":169,"column":32},"end":{"line":169,"column":33}},"loc":{"start":{"line":170,"column":16},"end":{"line":190,"column":null}},"line":170},"15":{"name":"(anonymous_15)","decl":{"start":{"line":172,"column":29},"end":{"line":172,"column":35}},"loc":{"start":{"line":172,"column":35},"end":{"line":172,"column":null}},"line":172},"16":{"name":"(anonymous_16)","decl":{"start":{"line":196,"column":35},"end":{"line":196,"column":36}},"loc":{"start":{"line":197,"column":20},"end":{"line":200,"column":null}},"line":197},"17":{"name":"(anonymous_17)","decl":{"start":{"line":214,"column":12},"end":{"line":214,"column":13}},"loc":{"start":{"line":214,"column":54},"end":{"line":220,"column":null}},"line":214},"18":{"name":"(anonymous_18)","decl":{"start":{"line":222,"column":14},"end":{"line":222,"column":15}},"loc":{"start":{"line":222,"column":56},"end":{"line":228,"column":null}},"line":222},"19":{"name":"(anonymous_19)","decl":{"start":{"line":230,"column":18},"end":{"line":230,"column":19}},"loc":{"start":{"line":230,"column":60},"end":{"line":236,"column":null}},"line":230},"20":{"name":"(anonymous_20)","decl":{"start":{"line":238,"column":17},"end":{"line":238,"column":18}},"loc":{"start":{"line":238,"column":59},"end":{"line":244,"column":null}},"line":238},"21":{"name":"(anonymous_21)","decl":{"start":{"line":246,"column":19},"end":{"line":246,"column":20}},"loc":{"start":{"line":246,"column":61},"end":{"line":252,"column":null}},"line":246},"22":{"name":"(anonymous_22)","decl":{"start":{"line":254,"column":13},"end":{"line":254,"column":14}},"loc":{"start":{"line":254,"column":55},"end":{"line":260,"column":null}},"line":254},"23":{"name":"(anonymous_23)","decl":{"start":{"line":262,"column":15},"end":{"line":262,"column":16}},"loc":{"start":{"line":262,"column":57},"end":{"line":268,"column":null}},"line":262}},"branchMap":{"0":{"loc":{"start":{"line":46,"column":2},"end":{"line":46,"column":null}},"type":"default-arg","locations":[{"start":{"line":46,"column":10},"end":{"line":46,"column":null}}],"line":46},"1":{"loc":{"start":{"line":47,"column":2},"end":{"line":47,"column":null}},"type":"default-arg","locations":[{"start":{"line":47,"column":9},"end":{"line":47,"column":null}}],"line":47},"2":{"loc":{"start":{"line":59,"column":6},"end":{"line":61,"column":null}},"type":"if","locations":[{"start":{"line":59,"column":6},"end":{"line":61,"column":null}},{"start":{},"end":{}}],"line":59},"3":{"loc":{"start":{"line":59,"column":10},"end":{"line":59,"column":78}},"type":"binary-expr","locations":[{"start":{"line":59,"column":10},"end":{"line":59,"column":29}},{"start":{"line":59,"column":29},"end":{"line":59,"column":78}}],"line":59},"4":{"loc":{"start":{"line":71,"column":6},"end":{"line":71,"column":null}},"type":"if","locations":[{"start":{"line":71,"column":6},"end":{"line":71,"column":null}},{"start":{},"end":{}}],"line":71},"5":{"loc":{"start":{"line":76,"column":4},"end":{"line":76,"column":null}},"type":"if","locations":[{"start":{"line":76,"column":4},"end":{"line":76,"column":null}},{"start":{},"end":{}}],"line":76},"6":{"loc":{"start":{"line":87,"column":4},"end":{"line":90,"column":null}},"type":"if","locations":[{"start":{"line":87,"column":4},"end":{"line":90,"column":null}},{"start":{},"end":{}}],"line":87},"7":{"loc":{"start":{"line":94,"column":4},"end":{"line":105,"column":null}},"type":"switch","locations":[{"start":{"line":95,"column":6},"end":{"line":96,"column":null}},{"start":{"line":97,"column":6},"end":{"line":98,"column":null}},{"start":{"line":99,"column":6},"end":{"line":100,"column":null}},{"start":{"line":101,"column":6},"end":{"line":102,"column":null}},{"start":{"line":103,"column":6},"end":{"line":104,"column":null}}],"line":94},"8":{"loc":{"start":{"line":109,"column":4},"end":{"line":120,"column":null}},"type":"switch","locations":[{"start":{"line":110,"column":6},"end":{"line":111,"column":null}},{"start":{"line":112,"column":6},"end":{"line":113,"column":null}},{"start":{"line":114,"column":6},"end":{"line":115,"column":null}},{"start":{"line":116,"column":6},"end":{"line":117,"column":null}},{"start":{"line":118,"column":6},"end":{"line":119,"column":null}}],"line":109},"9":{"loc":{"start":{"line":139,"column":14},"end":{"line":139,"column":null}},"type":"cond-expr","locations":[{"start":{"line":139,"column":30},"end":{"line":139,"column":37}},{"start":{"line":139,"column":37},"end":{"line":139,"column":null}}],"line":139},"10":{"loc":{"start":{"line":143,"column":9},"end":{"line":152,"column":null}},"type":"cond-expr","locations":[{"start":{"line":144,"column":10},"end":{"line":147,"column":null}},{"start":{"line":149,"column":10},"end":{"line":152,"column":null}}],"line":143},"11":{"loc":{"start":{"line":151,"column":68},"end":{"line":151,"column":94}},"type":"cond-expr","locations":[{"start":{"line":151,"column":77},"end":{"line":151,"column":92}},{"start":{"line":151,"column":92},"end":{"line":151,"column":94}}],"line":151},"12":{"loc":{"start":{"line":158,"column":9},"end":{"line":205,"column":null}},"type":"binary-expr","locations":[{"start":{"line":158,"column":9},"end":{"line":158,"column":null}},{"start":{"line":159,"column":10},"end":{"line":205,"column":null}}],"line":158},"13":{"loc":{"start":{"line":165,"column":14},"end":{"line":165,"column":null}},"type":"cond-expr","locations":[{"start":{"line":165,"column":34},"end":{"line":165,"column":46}},{"start":{"line":165,"column":46},"end":{"line":165,"column":null}}],"line":165},"14":{"loc":{"start":{"line":175,"column":22},"end":{"line":177,"column":null}},"type":"cond-expr","locations":[{"start":{"line":176,"column":26},"end":{"line":176,"column":null}},{"start":{"line":177,"column":26},"end":{"line":177,"column":null}}],"line":175},"15":{"loc":{"start":{"line":177,"column":43},"end":{"line":177,"column":68}},"type":"binary-expr","locations":[{"start":{"line":177,"column":43},"end":{"line":177,"column":59}},{"start":{"line":177,"column":59},"end":{"line":177,"column":68}}],"line":177},"16":{"loc":{"start":{"line":180,"column":21},"end":{"line":183,"column":null}},"type":"binary-expr","locations":[{"start":{"line":180,"column":21},"end":{"line":180,"column":null}},{"start":{"line":181,"column":22},"end":{"line":183,"column":null}}],"line":180},"17":{"loc":{"start":{"line":181,"column":39},"end":{"line":181,"column":null}},"type":"cond-expr","locations":[{"start":{"line":181,"column":55},"end":{"line":181,"column":60}},{"start":{"line":181,"column":60},"end":{"line":181,"column":null}}],"line":181},"18":{"loc":{"start":{"line":181,"column":73},"end":{"line":181,"column":98}},"type":"binary-expr","locations":[{"start":{"line":181,"column":73},"end":{"line":181,"column":89}},{"start":{"line":181,"column":89},"end":{"line":181,"column":98}}],"line":181},"19":{"loc":{"start":{"line":185,"column":37},"end":{"line":185,"column":74}},"type":"cond-expr","locations":[{"start":{"line":185,"column":53},"end":{"line":185,"column":58}},{"start":{"line":185,"column":58},"end":{"line":185,"column":74}}],"line":185},"20":{"loc":{"start":{"line":187,"column":19},"end":{"line":188,"column":null}},"type":"binary-expr","locations":[{"start":{"line":187,"column":19},"end":{"line":187,"column":40}},{"start":{"line":187,"column":40},"end":{"line":187,"column":null}},{"start":{"line":188,"column":20},"end":{"line":188,"column":null}}],"line":187},"21":{"loc":{"start":{"line":194,"column":15},"end":{"line":202,"column":null}},"type":"binary-expr","locations":[{"start":{"line":194,"column":15},"end":{"line":194,"column":30}},{"start":{"line":194,"column":30},"end":{"line":194,"column":null}},{"start":{"line":195,"column":16},"end":{"line":202,"column":null}}],"line":194}},"s":{"0":20,"1":20,"2":20,"3":20,"4":56,"5":20,"6":10,"7":0,"8":0,"9":10,"10":10,"11":10,"12":20,"13":10,"14":10,"15":1,"16":20,"17":8,"18":0,"19":8,"20":20,"21":1,"22":1,"23":20,"24":1,"25":1,"26":1,"27":20,"28":20,"29":5,"30":1,"31":1,"32":5,"33":8,"34":20,"35":0,"36":0,"37":0,"38":0,"39":0,"40":0,"41":20,"42":20,"43":0,"44":21,"45":1,"46":2,"47":1,"48":1,"49":1,"50":1,"51":1,"52":1,"53":1,"54":1},"f":{"0":20,"1":56,"2":10,"3":0,"4":10,"5":10,"6":10,"7":8,"8":1,"9":1,"10":1,"11":20,"12":0,"13":0,"14":21,"15":1,"16":2,"17":1,"18":1,"19":1,"20":1,"21":1,"22":1,"23":1},"b":{"0":[20],"1":[20],"2":[0,0],"3":[0,0],"4":[1,9],"5":[0,8],"6":[1,0],"7":[5,1,1,5,8],"8":[0,0,0,0,0],"9":[0,20],"10":[1,19],"11":[8,11],"12":[20,8],"13":[8,0],"14":[1,20],"15":[20,7],"16":[21,0],"17":[0,0],"18":[0,0],"19":[1,20],"20":[21,1,1],"21":[8,1,1]},"meta":{"lastBranch":22,"lastFunction":24,"lastStatement":55,"seen":{"f:42:24:42:35":0,"b:46:10:46:Infinity":0,"b:47:9:47:Infinity":1,"s:49:26:49:Infinity":0,"s:50:8:50:Infinity":1,"s:51:8:51:Infinity":2,"s:54:23:54:Infinity":3,"f:54:36:54:44":1,"s:54:44:54:68":4,"s:57:2:66:Infinity":5,"f:57:12:57:18":2,"s:58:31:62:Infinity":6,"f:58:31:58:32":3,"b:59:6:61:Infinity:undefined:undefined:undefined:undefined":2,"s:59:6:61:Infinity":7,"b:59:10:59:29:59:29:59:78":3,"s:60:8:60:Infinity":8,"s:64:4:64:Infinity":9,"s:65:4:65:Infinity":10,"f:65:11:65:17":4,"s:65:17:65:Infinity":11,"s:69:2:73:Infinity":12,"f:69:12:69:18":5,"s:70:4:72:Infinity":13,"f:70:11:70:17":6,"b:71:6:71:Infinity:undefined:undefined:undefined:undefined":4,"s:71:6:71:Infinity":14,"s:71:30:71:Infinity":15,"s:75:27:78:Infinity":16,"f:75:27:75:33":7,"b:76:4:76:Infinity:undefined:undefined:undefined:undefined":5,"s:76:4:76:Infinity":17,"s:76:28:76:Infinity":18,"s:77:4:77:Infinity":19,"s:80:27:84:Infinity":20,"f:80:27:80:33":8,"s:81:4:83:Infinity":21,"f:81:36:81:42":9,"s:82:6:82:Infinity":22,"s:86:28:91:Infinity":23,"f:86:28:86:29":10,"b:87:4:90:Infinity:undefined:undefined:undefined:undefined":6,"s:87:4:90:Infinity":24,"s:88:6:88:Infinity":25,"s:89:6:89:Infinity":26,"s:93:27:106:Infinity":27,"f:93:27:93:28":11,"b:95:6:96:Infinity:97:6:98:Infinity:99:6:100:Infinity:101:6:102:Infinity:103:6:104:Infinity":7,"s:94:4:105:Infinity":28,"s:96:8:96:Infinity":29,"s:98:8:98:Infinity":30,"s:100:8:100:Infinity":31,"s:102:8:102:Infinity":32,"s:104:8:104:Infinity":33,"s:108:23:121:Infinity":34,"f:108:23:108:24":12,"b:110:6:111:Infinity:112:6:113:Infinity:114:6:115:Infinity:116:6:117:Infinity:118:6:119:Infinity":8,"s:109:4:120:Infinity":35,"s:111:8:111:Infinity":36,"s:113:8:113:Infinity":37,"s:115:8:115:Infinity":38,"s:117:8:117:Infinity":39,"s:119:8:119:Infinity":40,"s:123:22:127:Infinity":41,"s:129:2:208:Infinity":42,"b:139:30:139:37:139:37:139:Infinity":9,"f:141:17:141:23":13,"s:141:23:141:Infinity":43,"b:144:10:147:Infinity:149:10:152:Infinity":10,"b:151:77:151:92:151:92:151:94":11,"b:158:9:158:Infinity:159:10:205:Infinity":12,"b:165:34:165:46:165:46:165:Infinity":13,"f:169:32:169:33":14,"s:170:16:190:Infinity":44,"f:172:29:172:35":15,"s:172:35:172:Infinity":45,"b:176:26:176:Infinity:177:26:177:Infinity":14,"b:177:43:177:59:177:59:177:68":15,"b:180:21:180:Infinity:181:22:183:Infinity":16,"b:181:55:181:60:181:60:181:Infinity":17,"b:181:73:181:89:181:89:181:98":18,"b:185:53:185:58:185:58:185:74":19,"b:187:19:187:40:187:40:187:Infinity:188:20:188:Infinity":20,"b:194:15:194:30:194:30:194:Infinity:195:16:202:Infinity":21,"f:196:35:196:36":16,"s:197:20:200:Infinity":46,"s:213:27:269:Infinity":47,"f:214:12:214:13":17,"s:214:54:220:Infinity":48,"f:222:14:222:15":18,"s:222:56:228:Infinity":49,"f:230:18:230:19":19,"s:230:60:236:Infinity":50,"f:238:17:238:18":20,"s:238:59:244:Infinity":51,"f:246:19:246:20":21,"s:246:61:252:Infinity":52,"f:254:13:254:14":22,"s:254:55:260:Infinity":53,"f:262:15:262:16":23,"s:262:57:268:Infinity":54}}}
,"C:\\Users\\Rahul Vadera\\IACP-3.0\\src\\core\\rbac.ts": {"path":"C:\\Users\\Rahul Vadera\\IACP-3.0\\src\\core\\rbac.ts","statementMap":{"0":{"start":{"line":9,"column":31},"end":{"line":9,"column":null}},"1":{"start":{"line":13,"column":33},"end":{"line":13,"column":null}},"2":{"start":{"line":17,"column":26},"end":{"line":22,"column":null}},"3":{"start":{"line":25,"column":28},"end":{"line":30,"column":null}},"4":{"start":{"line":33,"column":25},"end":{"line":36,"column":null}},"5":{"start":{"line":41,"column":68},"end":{"line":50,"column":null}},"6":{"start":{"line":53,"column":64},"end":{"line":62,"column":null}},"7":{"start":{"line":78,"column":63},"end":{"line":178,"column":null}},"8":{"start":{"line":182,"column":2},"end":{"line":182,"column":null}},"9":{"start":{"line":186,"column":2},"end":{"line":186,"column":null}},"10":{"start":{"line":190,"column":2},"end":{"line":190,"column":null}},"11":{"start":{"line":194,"column":2},"end":{"line":194,"column":null}},"12":{"start":{"line":198,"column":36},"end":{"line":215,"column":null}}},"fnMap":{"0":{"name":"isOALJRole","decl":{"start":{"line":181,"column":16},"end":{"line":181,"column":27}},"loc":{"start":{"line":181,"column":48},"end":{"line":183,"column":null}},"line":181},"1":{"name":"isBoardsRole","decl":{"start":{"line":185,"column":16},"end":{"line":185,"column":29}},"loc":{"start":{"line":185,"column":50},"end":{"line":187,"column":null}},"line":185},"2":{"name":"getCaseTypesForRole","decl":{"start":{"line":189,"column":16},"end":{"line":189,"column":36}},"loc":{"start":{"line":189,"column":67},"end":{"line":191,"column":null}},"line":189},"3":{"name":"hasPermission","decl":{"start":{"line":193,"column":16},"end":{"line":193,"column":30}},"loc":{"start":{"line":193,"column":86},"end":{"line":195,"column":null}},"line":193}},"branchMap":{},"s":{"0":1,"1":1,"2":1,"3":1,"4":1,"5":1,"6":1,"7":1,"8":8,"9":8,"10":2,"11":11,"12":1},"f":{"0":8,"1":8,"2":2,"3":11},"b":{},"meta":{"lastBranch":0,"lastFunction":4,"lastStatement":13,"seen":{"s:9:31:9:Infinity":0,"s:13:33:13:Infinity":1,"s:17:26:22:Infinity":2,"s:25:28:30:Infinity":3,"s:33:25:36:Infinity":4,"s:41:68:50:Infinity":5,"s:53:64:62:Infinity":6,"s:78:63:178:Infinity":7,"f:181:16:181:27":0,"s:182:2:182:Infinity":8,"f:185:16:185:29":1,"s:186:2:186:Infinity":9,"f:189:16:189:36":2,"s:190:2:190:Infinity":10,"f:193:16:193:30":3,"s:194:2:194:Infinity":11,"s:198:36:215:Infinity":12}}}
,"C:\\Users\\Rahul Vadera\\IACP-3.0\\src\\services\\autoDocketing.ts": {"path":"C:\\Users\\Rahul Vadera\\IACP-3.0\\src\\services\\autoDocketing.ts","statementMap":{"0":{"start":{"line":33,"column":25},"end":{"line":55,"column":null}},"1":{"start":{"line":65,"column":37},"end":{"line":65,"column":null}},"2":{"start":{"line":68,"column":18},"end":{"line":68,"column":null}},"3":{"start":{"line":71,"column":25},"end":{"line":71,"column":null}},"4":{"start":{"line":72,"column":2},"end":{"line":83,"column":null}},"5":{"start":{"line":73,"column":4},"end":{"line":82,"column":null}},"6":{"start":{"line":74,"column":6},"end":{"line":81,"column":null}},"7":{"start":{"line":86,"column":2},"end":{"line":95,"column":null}},"8":{"start":{"line":87,"column":4},"end":{"line":94,"column":null}},"9":{"start":{"line":98,"column":2},"end":{"line":110,"column":null}},"10":{"start":{"line":99,"column":28},"end":{"line":99,"column":null}},"11":{"start":{"line":100,"column":4},"end":{"line":109,"column":null}},"12":{"start":{"line":101,"column":6},"end":{"line":108,"column":null}},"13":{"start":{"line":114,"column":4},"end":{"line":115,"column":null}},"14":{"start":{"line":115,"column":29},"end":{"line":115,"column":54}},"15":{"start":{"line":119,"column":2},"end":{"line":125,"column":null}},"16":{"start":{"line":120,"column":4},"end":{"line":120,"column":null}},"17":{"start":{"line":121,"column":2},"end":{"line":125,"column":null}},"18":{"start":{"line":122,"column":4},"end":{"line":122,"column":null}},"19":{"start":{"line":124,"column":4},"end":{"line":124,"column":null}},"20":{"start":{"line":127,"column":2},"end":{"line":133,"column":null}},"21":{"start":{"line":128,"column":38},"end":{"line":128,"column":63}},"22":{"start":{"line":140,"column":14},"end":{"line":140,"column":null}},"23":{"start":{"line":143,"column":21},"end":{"line":143,"column":null}},"24":{"start":{"line":144,"column":2},"end":{"line":145,"column":null}},"25":{"start":{"line":144,"column":22},"end":{"line":144,"column":null}},"26":{"start":{"line":144,"column":31},"end":{"line":145,"column":null}},"27":{"start":{"line":145,"column":27},"end":{"line":145,"column":null}},"28":{"start":{"line":148,"column":2},"end":{"line":152,"column":null}},"29":{"start":{"line":149,"column":22},"end":{"line":149,"column":null}},"30":{"start":{"line":150,"column":4},"end":{"line":151,"column":null}},"31":{"start":{"line":150,"column":24},"end":{"line":150,"column":null}},"32":{"start":{"line":150,"column":33},"end":{"line":151,"column":null}},"33":{"start":{"line":151,"column":30},"end":{"line":151,"column":null}},"34":{"start":{"line":155,"column":21},"end":{"line":155,"column":null}},"35":{"start":{"line":156,"column":2},"end":{"line":158,"column":null}},"36":{"start":{"line":157,"column":4},"end":{"line":157,"column":null}},"37":{"start":{"line":157,"column":28},"end":{"line":157,"column":null}},"38":{"start":{"line":160,"column":2},"end":{"line":160,"column":null}},"39":{"start":{"line":167,"column":2},"end":{"line":167,"column":null}},"40":{"start":{"line":167,"column":61},"end":{"line":167,"column":87}},"41":{"start":{"line":174,"column":30},"end":{"line":174,"column":null}},"42":{"start":{"line":176,"column":2},"end":{"line":183,"column":null}},"43":{"start":{"line":177,"column":4},"end":{"line":182,"column":null}},"44":{"start":{"line":179,"column":6},"end":{"line":181,"column":null}},"45":{"start":{"line":180,"column":8},"end":{"line":180,"column":null}},"46":{"start":{"line":185,"column":2},"end":{"line":185,"column":null}},"47":{"start":{"line":192,"column":8},"end":{"line":192,"column":null}},"48":{"start":{"line":193,"column":19},"end":{"line":193,"column":null}},"49":{"start":{"line":194,"column":2},"end":{"line":194,"column":null}},"50":{"start":{"line":206,"column":21},"end":{"line":206,"column":null}},"51":{"start":{"line":209,"column":2},"end":{"line":215,"column":null}},"52":{"start":{"line":210,"column":4},"end":{"line":214,"column":null}},"53":{"start":{"line":218,"column":23},"end":{"line":218,"column":null}},"54":{"start":{"line":221,"column":2},"end":{"line":226,"column":null}},"55":{"start":{"line":237,"column":8},"end":{"line":237,"column":null}},"56":{"start":{"line":238,"column":19},"end":{"line":238,"column":null}},"57":{"start":{"line":240,"column":15},"end":{"line":240,"column":null}},"58":{"start":{"line":241,"column":2},"end":{"line":241,"column":null}},"59":{"start":{"line":242,"column":2},"end":{"line":242,"column":null}},"60":{"start":{"line":243,"column":2},"end":{"line":243,"column":null}},"61":{"start":{"line":245,"column":2},"end":{"line":247,"column":null}},"62":{"start":{"line":246,"column":4},"end":{"line":246,"column":null}},"63":{"start":{"line":249,"column":2},"end":{"line":249,"column":null}},"64":{"start":{"line":250,"column":2},"end":{"line":250,"column":null}},"65":{"start":{"line":251,"column":2},"end":{"line":251,"column":null}},"66":{"start":{"line":252,"column":2},"end":{"line":252,"column":null}},"67":{"start":{"line":254,"column":2},"end":{"line":254,"column":null}}},"fnMap":{"0":{"name":"validateFilingForDocketing","decl":{"start":{"line":60,"column":16},"end":{"line":60,"column":null}},"loc":{"start":{"line":64,"column":20},"end":{"line":134,"column":null}},"line":64},"1":{"name":"(anonymous_1)","decl":{"start":{"line":72,"column":25},"end":{"line":72,"column":34}},"loc":{"start":{"line":72,"column":34},"end":{"line":83,"column":3}},"line":72},"2":{"name":"(anonymous_2)","decl":{"start":{"line":100,"column":28},"end":{"line":100,"column":37}},"loc":{"start":{"line":100,"column":37},"end":{"line":109,"column":5}},"line":100},"3":{"name":"(anonymous_3)","decl":{"start":{"line":115,"column":24},"end":{"line":115,"column":29}},"loc":{"start":{"line":115,"column":29},"end":{"line":115,"column":54}},"line":115},"4":{"name":"(anonymous_4)","decl":{"start":{"line":128,"column":33},"end":{"line":128,"column":38}},"loc":{"start":{"line":128,"column":38},"end":{"line":128,"column":63}},"line":128},"5":{"name":"calculateAIScore","decl":{"start":{"line":139,"column":9},"end":{"line":139,"column":26}},"loc":{"start":{"line":139,"column":74},"end":{"line":161,"column":null}},"line":139},"6":{"name":"(anonymous_6)","decl":{"start":{"line":156,"column":21},"end":{"line":156,"column":30}},"loc":{"start":{"line":156,"column":30},"end":{"line":158,"column":3}},"line":156},"7":{"name":"hasValidSignature","decl":{"start":{"line":166,"column":9},"end":{"line":166,"column":27}},"loc":{"start":{"line":166,"column":58},"end":{"line":168,"column":null}},"line":166},"8":{"name":"(anonymous_8)","decl":{"start":{"line":167,"column":50},"end":{"line":167,"column":61}},"loc":{"start":{"line":167,"column":61},"end":{"line":167,"column":87}},"line":167},"9":{"name":"detectIllegibleFields","decl":{"start":{"line":173,"column":9},"end":{"line":173,"column":31}},"loc":{"start":{"line":173,"column":58},"end":{"line":186,"column":null}},"line":173},"10":{"name":"(anonymous_10)","decl":{"start":{"line":176,"column":37},"end":{"line":176,"column":38}},"loc":{"start":{"line":176,"column":57},"end":{"line":183,"column":3}},"line":176},"11":{"name":"generateDocketNumber","decl":{"start":{"line":191,"column":16},"end":{"line":191,"column":37}},"loc":{"start":{"line":191,"column":63},"end":{"line":195,"column":null}},"line":191},"12":{"name":"autoDocketFiling","decl":{"start":{"line":200,"column":22},"end":{"line":200,"column":null}},"loc":{"start":{"line":204,"column":29},"end":{"line":227,"column":null}},"line":204},"13":{"name":"generateDeficiencyNotice","decl":{"start":{"line":232,"column":16},"end":{"line":232,"column":null}},"loc":{"start":{"line":236,"column":10},"end":{"line":255,"column":null}},"line":236},"14":{"name":"(anonymous_14)","decl":{"start":{"line":245,"column":23},"end":{"line":245,"column":24}},"loc":{"start":{"line":245,"column":37},"end":{"line":247,"column":3}},"line":245}},"branchMap":{"0":{"loc":{"start":{"line":71,"column":25},"end":{"line":71,"column":null}},"type":"binary-expr","locations":[{"start":{"line":71,"column":25},"end":{"line":71,"column":120}},{"start":{"line":71,"column":120},"end":{"line":71,"column":null}}],"line":71},"1":{"loc":{"start":{"line":73,"column":4},"end":{"line":82,"column":null}},"type":"if","locations":[{"start":{"line":73,"column":4},"end":{"line":82,"column":null}},{"start":{},"end":{}}],"line":73},"2":{"loc":{"start":{"line":73,"column":8},"end":{"line":73,"column":63}},"type":"binary-expr","locations":[{"start":{"line":73,"column":8},"end":{"line":73,"column":30}},{"start":{"line":73,"column":30},"end":{"line":73,"column":63}}],"line":73},"3":{"loc":{"start":{"line":86,"column":2},"end":{"line":95,"column":null}},"type":"if","locations":[{"start":{"line":86,"column":2},"end":{"line":95,"column":null}},{"start":{},"end":{}}],"line":86},"4":{"loc":{"start":{"line":86,"column":6},"end":{"line":86,"column":56}},"type":"binary-expr","locations":[{"start":{"line":86,"column":6},"end":{"line":86,"column":22}},{"start":{"line":86,"column":22},"end":{"line":86,"column":56}}],"line":86},"5":{"loc":{"start":{"line":98,"column":2},"end":{"line":110,"column":null}},"type":"if","locations":[{"start":{"line":98,"column":2},"end":{"line":110,"column":null}},{"start":{},"end":{}}],"line":98},"6":{"loc":{"start":{"line":114,"column":4},"end":{"line":115,"column":null}},"type":"binary-expr","locations":[{"start":{"line":114,"column":4},"end":{"line":114,"column":null}},{"start":{"line":115,"column":4},"end":{"line":115,"column":null}}],"line":114},"7":{"loc":{"start":{"line":119,"column":2},"end":{"line":125,"column":null}},"type":"if","locations":[{"start":{"line":119,"column":2},"end":{"line":125,"column":null}},{"start":{"line":121,"column":2},"end":{"line":125,"column":null}}],"line":119},"8":{"loc":{"start":{"line":121,"column":2},"end":{"line":125,"column":null}},"type":"if","locations":[{"start":{"line":121,"column":2},"end":{"line":125,"column":null}},{"start":{"line":123,"column":9},"end":{"line":125,"column":null}}],"line":121},"9":{"loc":{"start":{"line":144,"column":2},"end":{"line":145,"column":null}},"type":"if","locations":[{"start":{"line":144,"column":2},"end":{"line":145,"column":null}},{"start":{"line":144,"column":31},"end":{"line":145,"column":null}}],"line":144},"10":{"loc":{"start":{"line":144,"column":31},"end":{"line":145,"column":null}},"type":"if","locations":[{"start":{"line":144,"column":31},"end":{"line":145,"column":null}},{"start":{},"end":{}}],"line":144},"11":{"loc":{"start":{"line":148,"column":2},"end":{"line":152,"column":null}},"type":"if","locations":[{"start":{"line":148,"column":2},"end":{"line":152,"column":null}},{"start":{},"end":{}}],"line":148},"12":{"loc":{"start":{"line":150,"column":4},"end":{"line":151,"column":null}},"type":"if","locations":[{"start":{"line":150,"column":4},"end":{"line":151,"column":null}},{"start":{"line":150,"column":33},"end":{"line":151,"column":null}}],"line":150},"13":{"loc":{"start":{"line":150,"column":33},"end":{"line":151,"column":null}},"type":"if","locations":[{"start":{"line":150,"column":33},"end":{"line":151,"column":null}},{"start":{},"end":{}}],"line":150},"14":{"loc":{"start":{"line":157,"column":4},"end":{"line":157,"column":null}},"type":"if","locations":[{"start":{"line":157,"column":4},"end":{"line":157,"column":null}},{"start":{},"end":{}}],"line":157},"15":{"loc":{"start":{"line":177,"column":4},"end":{"line":182,"column":null}},"type":"if","locations":[{"start":{"line":177,"column":4},"end":{"line":182,"column":null}},{"start":{},"end":{}}],"line":177},"16":{"loc":{"start":{"line":179,"column":6},"end":{"line":181,"column":null}},"type":"if","locations":[{"start":{"line":179,"column":6},"end":{"line":181,"column":null}},{"start":{},"end":{}}],"line":179},"17":{"loc":{"start":{"line":179,"column":10},"end":{"line":179,"column":55}},"type":"binary-expr","locations":[{"start":{"line":179,"column":10},"end":{"line":179,"column":37}},{"start":{"line":179,"column":37},"end":{"line":179,"column":55}}],"line":179},"18":{"loc":{"start":{"line":209,"column":2},"end":{"line":215,"column":null}},"type":"if","locations":[{"start":{"line":209,"column":2},"end":{"line":215,"column":null}},{"start":{},"end":{}}],"line":209}},"s":{"0":1,"1":9,"2":9,"3":9,"4":9,"5":53,"6":29,"7":9,"8":3,"9":9,"10":5,"11":5,"12":0,"13":9,"14":0,"15":9,"16":0,"17":9,"18":9,"19":0,"20":9,"21":32,"22":9,"23":9,"24":9,"25":5,"26":4,"27":4,"28":9,"29":5,"30":5,"31":5,"32":0,"33":0,"34":9,"35":9,"36":27,"37":19,"38":9,"39":5,"40":19,"41":5,"42":5,"43":22,"44":22,"45":0,"46":5,"47":0,"48":0,"49":0,"50":5,"51":5,"52":5,"53":0,"54":0,"55":2,"56":2,"57":2,"58":2,"59":2,"60":2,"61":2,"62":3,"63":2,"64":2,"65":2,"66":2,"67":2},"f":{"0":9,"1":53,"2":0,"3":0,"4":32,"5":9,"6":27,"7":5,"8":19,"9":5,"10":22,"11":0,"12":5,"13":2,"14":3},"b":{"0":[9,0],"1":[29,24],"2":[53,24],"3":[3,6],"4":[9,5],"5":[5,4],"6":[9,0],"7":[0,9],"8":[9,0],"9":[5,4],"10":[4,0],"11":[5,4],"12":[5,0],"13":[0,0],"14":[19,8],"15":[22,0],"16":[0,22],"17":[22,22],"18":[5,0]},"meta":{"lastBranch":19,"lastFunction":15,"lastStatement":68,"seen":{"s:33:25:55:Infinity":0,"f:60:16:60:Infinity":0,"s:65:37:65:Infinity":1,"s:68:18:68:Infinity":2,"s:71:25:71:Infinity":3,"b:71:25:71:120:71:120:71:Infinity":0,"s:72:2:83:Infinity":4,"f:72:25:72:34":1,"b:73:4:82:Infinity:undefined:undefined:undefined:undefined":1,"s:73:4:82:Infinity":5,"b:73:8:73:30:73:30:73:63":2,"s:74:6:81:Infinity":6,"b:86:2:95:Infinity:undefined:undefined:undefined:undefined":3,"s:86:2:95:Infinity":7,"b:86:6:86:22:86:22:86:56":4,"s:87:4:94:Infinity":8,"b:98:2:110:Infinity:undefined:undefined:undefined:undefined":5,"s:98:2:110:Infinity":9,"s:99:28:99:Infinity":10,"s:100:4:109:Infinity":11,"f:100:28:100:37":2,"s:101:6:108:Infinity":12,"s:114:4:115:Infinity":13,"b:114:4:114:Infinity:115:4:115:Infinity":6,"f:115:24:115:29":3,"s:115:29:115:54":14,"b:119:2:125:Infinity:121:2:125:Infinity":7,"s:119:2:125:Infinity":15,"s:120:4:120:Infinity":16,"b:121:2:125:Infinity:123:9:125:Infinity":8,"s:121:2:125:Infinity":17,"s:122:4:122:Infinity":18,"s:124:4:124:Infinity":19,"s:127:2:133:Infinity":20,"f:128:33:128:38":4,"s:128:38:128:63":21,"f:139:9:139:26":5,"s:140:14:140:Infinity":22,"s:143:21:143:Infinity":23,"b:144:2:145:Infinity:144:31:145:Infinity":9,"s:144:2:145:Infinity":24,"s:144:22:144:Infinity":25,"b:144:31:145:Infinity:undefined:undefined:undefined:undefined":10,"s:144:31:145:Infinity":26,"s:145:27:145:Infinity":27,"b:148:2:152:Infinity:undefined:undefined:undefined:undefined":11,"s:148:2:152:Infinity":28,"s:149:22:149:Infinity":29,"b:150:4:151:Infinity:150:33:151:Infinity":12,"s:150:4:151:Infinity":30,"s:150:24:150:Infinity":31,"b:150:33:151:Infinity:undefined:undefined:undefined:undefined":13,"s:150:33:151:Infinity":32,"s:151:30:151:Infinity":33,"s:155:21:155:Infinity":34,"s:156:2:158:Infinity":35,"f:156:21:156:30":6,"b:157:4:157:Infinity:undefined:undefined:undefined:undefined":14,"s:157:4:157:Infinity":36,"s:157:28:157:Infinity":37,"s:160:2:160:Infinity":38,"f:166:9:166:27":7,"s:167:2:167:Infinity":39,"f:167:50:167:61":8,"s:167:61:167:87":40,"f:173:9:173:31":9,"s:174:30:174:Infinity":41,"s:176:2:183:Infinity":42,"f:176:37:176:38":10,"b:177:4:182:Infinity:undefined:undefined:undefined:undefined":15,"s:177:4:182:Infinity":43,"b:179:6:181:Infinity:undefined:undefined:undefined:undefined":16,"s:179:6:181:Infinity":44,"b:179:10:179:37:179:37:179:55":17,"s:180:8:180:Infinity":45,"s:185:2:185:Infinity":46,"f:191:16:191:37":11,"s:192:8:192:Infinity":47,"s:193:19:193:Infinity":48,"s:194:2:194:Infinity":49,"f:200:22:200:Infinity":12,"s:206:21:206:Infinity":50,"b:209:2:215:Infinity:undefined:undefined:undefined:undefined":18,"s:209:2:215:Infinity":51,"s:210:4:214:Infinity":52,"s:218:23:218:Infinity":53,"s:221:2:226:Infinity":54,"f:232:16:232:Infinity":13,"s:237:8:237:Infinity":55,"s:238:19:238:Infinity":56,"s:240:15:240:Infinity":57,"s:241:2:241:Infinity":58,"s:242:2:242:Infinity":59,"s:243:2:243:Infinity":60,"s:245:2:247:Infinity":61,"f:245:23:245:24":14,"s:246:4:246:Infinity":62,"s:249:2:249:Infinity":63,"s:250:2:250:Infinity":64,"s:251:2:251:Infinity":65,"s:252:2:252:Infinity":66,"s:254:2:254:Infinity":67}}}
,"C:\\Users\\Rahul Vadera\\IACP-3.0\\src\\services\\geminiService.ts": {"path":"C:\\Users\\Rahul Vadera\\IACP-3.0\\src\\services\\geminiService.ts","statementMap":{"0":{"start":{"line":3,"column":22},"end":{"line":3,"column":null}},"1":{"start":{"line":6,"column":2},"end":{"line":25,"column":null}},"2":{"start":{"line":7,"column":19},"end":{"line":7,"column":null}},"3":{"start":{"line":8,"column":4},"end":{"line":10,"column":null}},"4":{"start":{"line":9,"column":6},"end":{"line":9,"column":null}},"5":{"start":{"line":11,"column":4},"end":{"line":24,"column":null}},"6":{"start":{"line":14,"column":12},"end":{"line":14,"column":null}},"7":{"start":{"line":15,"column":6},"end":{"line":15,"column":null}},"8":{"start":{"line":17,"column":6},"end":{"line":17,"column":null}},"9":{"start":{"line":19,"column":6},"end":{"line":23,"column":null}},"10":{"start":{"line":20,"column":8},"end":{"line":20,"column":null}},"11":{"start":{"line":22,"column":8},"end":{"line":22,"column":null}},"12":{"start":{"line":26,"column":2},"end":{"line":26,"column":null}},"13":{"start":{"line":30,"column":2},"end":{"line":83,"column":null}},"14":{"start":{"line":31,"column":19},"end":{"line":31,"column":null}},"15":{"start":{"line":32,"column":4},"end":{"line":51,"column":null}},"16":{"start":{"line":34,"column":6},"end":{"line":37,"column":null}},"17":{"start":{"line":53,"column":15},"end":{"line":53,"column":null}},"18":{"start":{"line":54,"column":21},"end":{"line":68,"column":null}},"19":{"start":{"line":69,"column":4},"end":{"line":69,"column":null}},"20":{"start":{"line":71,"column":4},"end":{"line":71,"column":null}},"21":{"start":{"line":72,"column":4},"end":{"line":72,"column":null}},"22":{"start":{"line":87,"column":2},"end":{"line":127,"column":null}},"23":{"start":{"line":88,"column":19},"end":{"line":88,"column":null}},"24":{"start":{"line":89,"column":4},"end":{"line":105,"column":null}},"25":{"start":{"line":91,"column":6},"end":{"line":91,"column":null}},"26":{"start":{"line":107,"column":15},"end":{"line":107,"column":null}},"27":{"start":{"line":108,"column":21},"end":{"line":118,"column":null}},"28":{"start":{"line":119,"column":4},"end":{"line":119,"column":null}},"29":{"start":{"line":121,"column":4},"end":{"line":121,"column":null}},"30":{"start":{"line":122,"column":4},"end":{"line":122,"column":null}},"31":{"start":{"line":131,"column":2},"end":{"line":145,"column":null}},"32":{"start":{"line":132,"column":15},"end":{"line":132,"column":null}},"33":{"start":{"line":133,"column":21},"end":{"line":140,"column":null}},"34":{"start":{"line":141,"column":4},"end":{"line":141,"column":null}},"35":{"start":{"line":143,"column":4},"end":{"line":143,"column":null}},"36":{"start":{"line":144,"column":4},"end":{"line":144,"column":null}}},"fnMap":{"0":{"name":"getAI","decl":{"start":{"line":5,"column":15},"end":{"line":5,"column":23}},"loc":{"start":{"line":5,"column":23},"end":{"line":27,"column":null}},"line":5},"1":{"name":"analyzeIntake","decl":{"start":{"line":29,"column":22},"end":{"line":29,"column":36}},"loc":{"start":{"line":29,"column":87},"end":{"line":84,"column":null}},"line":29},"2":{"name":"analyzeAccessRequest","decl":{"start":{"line":86,"column":22},"end":{"line":86,"column":43}},"loc":{"start":{"line":86,"column":60},"end":{"line":128,"column":null}},"line":86},"3":{"name":"summarizeCase","decl":{"start":{"line":130,"column":22},"end":{"line":130,"column":36}},"loc":{"start":{"line":130,"column":73},"end":{"line":146,"column":null}},"line":130}},"branchMap":{"0":{"loc":{"start":{"line":6,"column":2},"end":{"line":25,"column":null}},"type":"if","locations":[{"start":{"line":6,"column":2},"end":{"line":25,"column":null}},{"start":{},"end":{}}],"line":6},"1":{"loc":{"start":{"line":8,"column":4},"end":{"line":10,"column":null}},"type":"if","locations":[{"start":{"line":8,"column":4},"end":{"line":10,"column":null}},{"start":{},"end":{}}],"line":8},"2":{"loc":{"start":{"line":32,"column":4},"end":{"line":51,"column":null}},"type":"if","locations":[{"start":{"line":32,"column":4},"end":{"line":51,"column":null}},{"start":{},"end":{}}],"line":32},"3":{"loc":{"start":{"line":32,"column":8},"end":{"line":32,"column":85}},"type":"binary-expr","locations":[{"start":{"line":32,"column":8},"end":{"line":32,"column":19}},{"start":{"line":32,"column":19},"end":{"line":32,"column":53}},{"start":{"line":32,"column":53},"end":{"line":32,"column":85}}],"line":32},"4":{"loc":{"start":{"line":89,"column":4},"end":{"line":105,"column":null}},"type":"if","locations":[{"start":{"line":89,"column":4},"end":{"line":105,"column":null}},{"start":{},"end":{}}],"line":89},"5":{"loc":{"start":{"line":89,"column":8},"end":{"line":89,"column":85}},"type":"binary-expr","locations":[{"start":{"line":89,"column":8},"end":{"line":89,"column":19}},{"start":{"line":89,"column":19},"end":{"line":89,"column":53}},{"start":{"line":89,"column":53},"end":{"line":89,"column":85}}],"line":89},"6":{"loc":{"start":{"line":135,"column":84},"end":{"line":135,"column":102}},"type":"binary-expr","locations":[{"start":{"line":135,"column":84},"end":{"line":135,"column":96}},{"start":{"line":135,"column":96},"end":{"line":135,"column":102}}],"line":135},"7":{"loc":{"start":{"line":136,"column":22},"end":{"line":136,"column":97}},"type":"cond-expr","locations":[{"start":{"line":136,"column":56},"end":{"line":136,"column":70}},{"start":{"line":136,"column":70},"end":{"line":136,"column":97}}],"line":136}},"s":{"0":5,"1":0,"2":0,"3":0,"4":0,"5":0,"6":0,"7":0,"8":0,"9":0,"10":0,"11":0,"12":0,"13":3,"14":3,"15":3,"16":3,"17":0,"18":0,"19":0,"20":0,"21":0,"22":2,"23":2,"24":2,"25":2,"26":0,"27":0,"28":0,"29":0,"30":0,"31":0,"32":0,"33":0,"34":0,"35":0,"36":0},"f":{"0":0,"1":3,"2":2,"3":0},"b":{"0":[0,0],"1":[0,0],"2":[3,0],"3":[3,3,0],"4":[2,0],"5":[2,2,0],"6":[0,0],"7":[0,0]},"meta":{"lastBranch":8,"lastFunction":4,"lastStatement":37,"seen":{"s:3:22:3:Infinity":0,"f:5:15:5:23":0,"b:6:2:25:Infinity:undefined:undefined:undefined:undefined":0,"s:6:2:25:Infinity":1,"s:7:19:7:Infinity":2,"b:8:4:10:Infinity:undefined:undefined:undefined:undefined":1,"s:8:4:10:Infinity":3,"s:9:6:9:Infinity":4,"s:11:4:24:Infinity":5,"s:14:12:14:Infinity":6,"s:15:6:15:Infinity":7,"s:17:6:17:Infinity":8,"s:19:6:23:Infinity":9,"s:20:8:20:Infinity":10,"s:22:8:22:Infinity":11,"s:26:2:26:Infinity":12,"f:29:22:29:36":1,"s:30:2:83:Infinity":13,"s:31:19:31:Infinity":14,"b:32:4:51:Infinity:undefined:undefined:undefined:undefined":2,"s:32:4:51:Infinity":15,"b:32:8:32:19:32:19:32:53:32:53:32:85":3,"s:34:6:37:Infinity":16,"s:53:15:53:Infinity":17,"s:54:21:68:Infinity":18,"s:69:4:69:Infinity":19,"s:71:4:71:Infinity":20,"s:72:4:72:Infinity":21,"f:86:22:86:43":2,"s:87:2:127:Infinity":22,"s:88:19:88:Infinity":23,"b:89:4:105:Infinity:undefined:undefined:undefined:undefined":4,"s:89:4:105:Infinity":24,"b:89:8:89:19:89:19:89:53:89:53:89:85":5,"s:91:6:91:Infinity":25,"s:107:15:107:Infinity":26,"s:108:21:118:Infinity":27,"s:119:4:119:Infinity":28,"s:121:4:121:Infinity":29,"s:122:4:122:Infinity":30,"f:130:22:130:36":3,"s:131:2:145:Infinity":31,"s:132:15:132:Infinity":32,"s:133:21:140:Infinity":33,"b:135:84:135:96:135:96:135:102":6,"b:136:56:136:70:136:70:136:97":7,"s:141:4:141:Infinity":34,"s:143:4:143:Infinity":35,"s:144:4:144:Infinity":36}}}
,"C:\\Users\\Rahul Vadera\\IACP-3.0\\src\\services\\smartAssignment.ts": {"path":"C:\\Users\\Rahul Vadera\\IACP-3.0\\src\\services\\smartAssignment.ts","statementMap":{"0":{"start":{"line":37,"column":21},"end":{"line":41,"column":null}},"1":{"start":{"line":44,"column":27},"end":{"line":49,"column":null}},"2":{"start":{"line":55,"column":21},"end":{"line":55,"column":null}},"3":{"start":{"line":56,"column":26},"end":{"line":56,"column":null}},"4":{"start":{"line":59,"column":2},"end":{"line":59,"column":null}},"5":{"start":{"line":66,"column":2},"end":{"line":66,"column":null}},"6":{"start":{"line":66,"column":15},"end":{"line":66,"column":null}},"7":{"start":{"line":69,"column":2},"end":{"line":69,"column":null}},"8":{"start":{"line":69,"column":31},"end":{"line":69,"column":null}},"9":{"start":{"line":72,"column":21},"end":{"line":77,"column":null}},"10":{"start":{"line":79,"column":22},"end":{"line":79,"column":null}},"11":{"start":{"line":79,"column":48},"end":{"line":79,"column":77}},"12":{"start":{"line":80,"column":23},"end":{"line":80,"column":null}},"13":{"start":{"line":80,"column":49},"end":{"line":80,"column":72}},"14":{"start":{"line":82,"column":2},"end":{"line":84,"column":null}},"15":{"start":{"line":83,"column":4},"end":{"line":83,"column":null}},"16":{"start":{"line":86,"column":2},"end":{"line":86,"column":null}},"17":{"start":{"line":93,"column":2},"end":{"line":95,"column":null}},"18":{"start":{"line":94,"column":4},"end":{"line":94,"column":null}},"19":{"start":{"line":98,"column":53},"end":{"line":102,"column":null}},"20":{"start":{"line":104,"column":2},"end":{"line":106,"column":null}},"21":{"start":{"line":104,"column":47},"end":{"line":104,"column":77}},"22":{"start":{"line":105,"column":4},"end":{"line":105,"column":null}},"23":{"start":{"line":108,"column":2},"end":{"line":108,"column":null}},"24":{"start":{"line":116,"column":19},"end":{"line":116,"column":null}},"25":{"start":{"line":116,"column":48},"end":{"line":116,"column":69}},"26":{"start":{"line":118,"column":2},"end":{"line":124,"column":null}},"27":{"start":{"line":119,"column":4},"end":{"line":119,"column":null}},"28":{"start":{"line":120,"column":2},"end":{"line":124,"column":null}},"29":{"start":{"line":121,"column":4},"end":{"line":121,"column":null}},"30":{"start":{"line":123,"column":4},"end":{"line":123,"column":null}},"31":{"start":{"line":135,"column":24},"end":{"line":135,"column":null}},"32":{"start":{"line":136,"column":26},"end":{"line":136,"column":null}},"33":{"start":{"line":137,"column":25},"end":{"line":137,"column":null}},"34":{"start":{"line":138,"column":24},"end":{"line":138,"column":null}},"35":{"start":{"line":141,"column":4},"end":{"line":144,"column":null}},"36":{"start":{"line":146,"column":2},"end":{"line":146,"column":null}},"37":{"start":{"line":157,"column":23},"end":{"line":161,"column":null}},"38":{"start":{"line":157,"column":44},"end":{"line":161,"column":4}},"39":{"start":{"line":164,"column":2},"end":{"line":164,"column":null}},"40":{"start":{"line":164,"column":30},"end":{"line":164,"column":47}},"41":{"start":{"line":167,"column":2},"end":{"line":170,"column":null}},"42":{"start":{"line":167,"column":56},"end":{"line":170,"column":4}},"43":{"start":{"line":181,"column":28},"end":{"line":181,"column":null}},"44":{"start":{"line":184,"column":22},"end":{"line":184,"column":null}},"45":{"start":{"line":185,"column":2},"end":{"line":189,"column":null}},"46":{"start":{"line":186,"column":4},"end":{"line":186,"column":null}},"47":{"start":{"line":187,"column":2},"end":{"line":189,"column":null}},"48":{"start":{"line":188,"column":4},"end":{"line":188,"column":null}},"49":{"start":{"line":192,"column":2},"end":{"line":194,"column":null}},"50":{"start":{"line":193,"column":4},"end":{"line":193,"column":null}},"51":{"start":{"line":197,"column":2},"end":{"line":199,"column":null}},"52":{"start":{"line":198,"column":4},"end":{"line":198,"column":null}},"53":{"start":{"line":202,"column":2},"end":{"line":204,"column":null}},"54":{"start":{"line":203,"column":4},"end":{"line":203,"column":null}},"55":{"start":{"line":207,"column":2},"end":{"line":209,"column":null}},"56":{"start":{"line":208,"column":4},"end":{"line":208,"column":null}},"57":{"start":{"line":211,"column":2},"end":{"line":211,"column":null}},"58":{"start":{"line":218,"column":23},"end":{"line":218,"column":null}},"59":{"start":{"line":219,"column":2},"end":{"line":219,"column":null}},"60":{"start":{"line":226,"column":23},"end":{"line":226,"column":null}},"61":{"start":{"line":227,"column":2},"end":{"line":227,"column":null}},"62":{"start":{"line":234,"column":23},"end":{"line":234,"column":null}},"63":{"start":{"line":236,"column":2},"end":{"line":236,"column":null}},"64":{"start":{"line":236,"column":24},"end":{"line":236,"column":null}},"65":{"start":{"line":237,"column":2},"end":{"line":237,"column":null}},"66":{"start":{"line":237,"column":24},"end":{"line":237,"column":null}},"67":{"start":{"line":238,"column":2},"end":{"line":238,"column":null}},"68":{"start":{"line":238,"column":24},"end":{"line":238,"column":null}},"69":{"start":{"line":239,"column":2},"end":{"line":239,"column":null}},"70":{"start":{"line":246,"column":22},"end":{"line":246,"column":null}},"71":{"start":{"line":247,"column":25},"end":{"line":247,"column":null}},"72":{"start":{"line":247,"column":51},"end":{"line":247,"column":94}},"73":{"start":{"line":248,"column":27},"end":{"line":248,"column":null}},"74":{"start":{"line":248,"column":53},"end":{"line":248,"column":74}},"75":{"start":{"line":249,"column":32},"end":{"line":249,"column":null}},"76":{"start":{"line":249,"column":58},"end":{"line":249,"column":84}},"77":{"start":{"line":250,"column":24},"end":{"line":250,"column":null}},"78":{"start":{"line":250,"column":50},"end":{"line":250,"column":73}},"79":{"start":{"line":252,"column":2},"end":{"line":260,"column":null}},"80":{"start":{"line":258,"column":41},"end":{"line":258,"column":61}},"81":{"start":{"line":259,"column":44},"end":{"line":259,"column":67}}},"fnMap":{"0":{"name":"calculateWeightedLoad","decl":{"start":{"line":54,"column":9},"end":{"line":54,"column":31}},"loc":{"start":{"line":54,"column":71},"end":{"line":60,"column":null}},"line":54},"1":{"name":"calculateGeographicScore","decl":{"start":{"line":65,"column":9},"end":{"line":65,"column":34}},"loc":{"start":{"line":65,"column":73},"end":{"line":87,"column":null}},"line":65},"2":{"name":"(anonymous_2)","decl":{"start":{"line":79,"column":38},"end":{"line":79,"column":48}},"loc":{"start":{"line":79,"column":48},"end":{"line":79,"column":77}},"line":79},"3":{"name":"(anonymous_3)","decl":{"start":{"line":80,"column":39},"end":{"line":80,"column":49}},"loc":{"start":{"line":80,"column":49},"end":{"line":80,"column":72}},"line":80},"4":{"name":"calculateExpertiseScore","decl":{"start":{"line":92,"column":9},"end":{"line":92,"column":33}},"loc":{"start":{"line":92,"column":73},"end":{"line":109,"column":null}},"line":92},"5":{"name":"(anonymous_5)","decl":{"start":{"line":104,"column":39},"end":{"line":104,"column":47}},"loc":{"start":{"line":104,"column":47},"end":{"line":104,"column":77}},"line":104},"6":{"name":"calculateRotationScore","decl":{"start":{"line":114,"column":9},"end":{"line":114,"column":32}},"loc":{"start":{"line":114,"column":74},"end":{"line":125,"column":null}},"line":114},"7":{"name":"(anonymous_7)","decl":{"start":{"line":116,"column":36},"end":{"line":116,"column":37}},"loc":{"start":{"line":116,"column":48},"end":{"line":116,"column":69}},"line":116},"8":{"name":"calculateAssignmentScore","decl":{"start":{"line":130,"column":9},"end":{"line":130,"column":null}},"loc":{"start":{"line":134,"column":10},"end":{"line":147,"column":null}},"line":134},"9":{"name":"getSuggestedJudges","decl":{"start":{"line":152,"column":16},"end":{"line":152,"column":null}},"loc":{"start":{"line":155,"column":26},"end":{"line":171,"column":null}},"line":155},"10":{"name":"(anonymous_10)","decl":{"start":{"line":157,"column":34},"end":{"line":157,"column":44}},"loc":{"start":{"line":157,"column":44},"end":{"line":161,"column":4}},"line":157},"11":{"name":"(anonymous_11)","decl":{"start":{"line":164,"column":20},"end":{"line":164,"column":21}},"loc":{"start":{"line":164,"column":30},"end":{"line":164,"column":47}},"line":164},"12":{"name":"(anonymous_12)","decl":{"start":{"line":167,"column":38},"end":{"line":167,"column":39}},"loc":{"start":{"line":167,"column":56},"end":{"line":170,"column":4}},"line":167},"13":{"name":"generateAssignmentReasons","decl":{"start":{"line":176,"column":9},"end":{"line":176,"column":null}},"loc":{"start":{"line":180,"column":12},"end":{"line":212,"column":null}},"line":180},"14":{"name":"isJudgeOverloaded","decl":{"start":{"line":217,"column":16},"end":{"line":217,"column":34}},"loc":{"start":{"line":217,"column":57},"end":{"line":220,"column":null}},"line":217},"15":{"name":"isJudgeUnderutilized","decl":{"start":{"line":225,"column":16},"end":{"line":225,"column":37}},"loc":{"start":{"line":225,"column":60},"end":{"line":228,"column":null}},"line":225},"16":{"name":"getJudgeWorkloadStatus","decl":{"start":{"line":233,"column":16},"end":{"line":233,"column":39}},"loc":{"start":{"line":233,"column":112},"end":{"line":240,"column":null}},"line":233},"17":{"name":"calculateOfficeStats","decl":{"start":{"line":245,"column":16},"end":{"line":245,"column":37}},"loc":{"start":{"line":245,"column":54},"end":{"line":261,"column":null}},"line":245},"18":{"name":"(anonymous_18)","decl":{"start":{"line":247,"column":39},"end":{"line":247,"column":40}},"loc":{"start":{"line":247,"column":51},"end":{"line":247,"column":94}},"line":247},"19":{"name":"(anonymous_19)","decl":{"start":{"line":248,"column":41},"end":{"line":248,"column":42}},"loc":{"start":{"line":248,"column":53},"end":{"line":248,"column":74}},"line":248},"20":{"name":"(anonymous_20)","decl":{"start":{"line":249,"column":46},"end":{"line":249,"column":47}},"loc":{"start":{"line":249,"column":58},"end":{"line":249,"column":84}},"line":249},"21":{"name":"(anonymous_21)","decl":{"start":{"line":250,"column":38},"end":{"line":250,"column":39}},"loc":{"start":{"line":250,"column":50},"end":{"line":250,"column":73}},"line":250},"22":{"name":"(anonymous_22)","decl":{"start":{"line":258,"column":36},"end":{"line":258,"column":41}},"loc":{"start":{"line":258,"column":41},"end":{"line":258,"column":61}},"line":258},"23":{"name":"(anonymous_23)","decl":{"start":{"line":259,"column":39},"end":{"line":259,"column":44}},"loc":{"start":{"line":259,"column":44},"end":{"line":259,"column":67}},"line":259}},"branchMap":{"0":{"loc":{"start":{"line":55,"column":21},"end":{"line":55,"column":null}},"type":"binary-expr","locations":[{"start":{"line":55,"column":21},"end":{"line":55,"column":76}},{"start":{"line":55,"column":76},"end":{"line":55,"column":null}}],"line":55},"1":{"loc":{"start":{"line":66,"column":2},"end":{"line":66,"column":null}},"type":"if","locations":[{"start":{"line":66,"column":2},"end":{"line":66,"column":null}},{"start":{},"end":{}}],"line":66},"2":{"loc":{"start":{"line":69,"column":2},"end":{"line":69,"column":null}},"type":"if","locations":[{"start":{"line":69,"column":2},"end":{"line":69,"column":null}},{"start":{},"end":{}}],"line":69},"3":{"loc":{"start":{"line":82,"column":2},"end":{"line":84,"column":null}},"type":"if","locations":[{"start":{"line":82,"column":2},"end":{"line":84,"column":null}},{"start":{},"end":{}}],"line":82},"4":{"loc":{"start":{"line":82,"column":6},"end":{"line":82,"column":67}},"type":"binary-expr","locations":[{"start":{"line":82,"column":6},"end":{"line":82,"column":21}},{"start":{"line":82,"column":21},"end":{"line":82,"column":37}},{"start":{"line":82,"column":37},"end":{"line":82,"column":67}}],"line":82},"5":{"loc":{"start":{"line":93,"column":2},"end":{"line":95,"column":null}},"type":"if","locations":[{"start":{"line":93,"column":2},"end":{"line":95,"column":null}},{"start":{},"end":{}}],"line":93},"6":{"loc":{"start":{"line":104,"column":2},"end":{"line":106,"column":null}},"type":"if","locations":[{"start":{"line":104,"column":2},"end":{"line":106,"column":null}},{"start":{},"end":{}}],"line":104},"7":{"loc":{"start":{"line":118,"column":2},"end":{"line":124,"column":null}},"type":"if","locations":[{"start":{"line":118,"column":2},"end":{"line":124,"column":null}},{"start":{"line":120,"column":2},"end":{"line":124,"column":null}}],"line":118},"8":{"loc":{"start":{"line":120,"column":2},"end":{"line":124,"column":null}},"type":"if","locations":[{"start":{"line":120,"column":2},"end":{"line":124,"column":null}},{"start":{"line":122,"column":9},"end":{"line":124,"column":null}}],"line":120},"9":{"loc":{"start":{"line":185,"column":2},"end":{"line":189,"column":null}},"type":"if","locations":[{"start":{"line":185,"column":2},"end":{"line":189,"column":null}},{"start":{"line":187,"column":2},"end":{"line":189,"column":null}}],"line":185},"10":{"loc":{"start":{"line":187,"column":2},"end":{"line":189,"column":null}},"type":"if","locations":[{"start":{"line":187,"column":2},"end":{"line":189,"column":null}},{"start":{},"end":{}}],"line":187},"11":{"loc":{"start":{"line":192,"column":2},"end":{"line":194,"column":null}},"type":"if","locations":[{"start":{"line":192,"column":2},"end":{"line":194,"column":null}},{"start":{},"end":{}}],"line":192},"12":{"loc":{"start":{"line":192,"column":6},"end":{"line":192,"column":59}},"type":"binary-expr","locations":[{"start":{"line":192,"column":6},"end":{"line":192,"column":25}},{"start":{"line":192,"column":25},"end":{"line":192,"column":59}}],"line":192},"13":{"loc":{"start":{"line":197,"column":2},"end":{"line":199,"column":null}},"type":"if","locations":[{"start":{"line":197,"column":2},"end":{"line":199,"column":null}},{"start":{},"end":{}}],"line":197},"14":{"loc":{"start":{"line":202,"column":2},"end":{"line":204,"column":null}},"type":"if","locations":[{"start":{"line":202,"column":2},"end":{"line":204,"column":null}},{"start":{},"end":{}}],"line":202},"15":{"loc":{"start":{"line":207,"column":2},"end":{"line":209,"column":null}},"type":"if","locations":[{"start":{"line":207,"column":2},"end":{"line":209,"column":null}},{"start":{},"end":{}}],"line":207},"16":{"loc":{"start":{"line":236,"column":2},"end":{"line":236,"column":null}},"type":"if","locations":[{"start":{"line":236,"column":2},"end":{"line":236,"column":null}},{"start":{},"end":{}}],"line":236},"17":{"loc":{"start":{"line":237,"column":2},"end":{"line":237,"column":null}},"type":"if","locations":[{"start":{"line":237,"column":2},"end":{"line":237,"column":null}},{"start":{},"end":{}}],"line":237},"18":{"loc":{"start":{"line":238,"column":2},"end":{"line":238,"column":null}},"type":"if","locations":[{"start":{"line":238,"column":2},"end":{"line":238,"column":null}},{"start":{},"end":{}}],"line":238}},"s":{"0":1,"1":1,"2":32,"3":32,"4":32,"5":16,"6":0,"7":16,"8":4,"9":12,"10":12,"11":36,"12":12,"13":36,"14":12,"15":0,"16":12,"17":16,"18":8,"19":8,"20":8,"21":8,"22":4,"23":4,"24":16,"25":64,"26":16,"27":4,"28":12,"29":8,"30":4,"31":16,"32":16,"33":16,"34":16,"35":16,"36":16,"37":4,"38":16,"39":4,"40":16,"41":4,"42":12,"43":16,"44":16,"45":16,"46":4,"47":12,"48":4,"49":16,"50":4,"51":16,"52":8,"53":16,"54":12,"55":16,"56":4,"57":16,"58":14,"59":14,"60":14,"61":14,"62":4,"63":4,"64":1,"65":3,"66":1,"67":2,"68":2,"69":1,"70":3,"71":3,"72":12,"73":3,"74":12,"75":3,"76":12,"77":3,"78":12,"79":3,"80":12,"81":12},"f":{"0":32,"1":16,"2":36,"3":36,"4":16,"5":8,"6":16,"7":64,"8":16,"9":4,"10":16,"11":16,"12":12,"13":16,"14":14,"15":14,"16":4,"17":3,"18":12,"19":12,"20":12,"21":12,"22":12,"23":12},"b":{"0":[32,0],"1":[0,16],"2":[4,12],"3":[0,12],"4":[12,8,8],"5":[8,8],"6":[4,4],"7":[4,12],"8":[8,4],"9":[4,12],"10":[4,8],"11":[4,12],"12":[16,16],"13":[8,8],"14":[12,4],"15":[4,12],"16":[1,3],"17":[1,2],"18":[1,1]},"meta":{"lastBranch":19,"lastFunction":24,"lastStatement":82,"seen":{"s:37:21:41:Infinity":0,"s:44:27:49:Infinity":1,"f:54:9:54:31":0,"s:55:21:55:Infinity":2,"b:55:21:55:76:55:76:55:Infinity":0,"s:56:26:56:Infinity":3,"s:59:2:59:Infinity":4,"f:65:9:65:34":1,"b:66:2:66:Infinity:undefined:undefined:undefined:undefined":1,"s:66:2:66:Infinity":5,"s:66:15:66:Infinity":6,"b:69:2:69:Infinity:undefined:undefined:undefined:undefined":2,"s:69:2:69:Infinity":7,"s:69:31:69:Infinity":8,"s:72:21:77:Infinity":9,"s:79:22:79:Infinity":10,"f:79:38:79:48":2,"s:79:48:79:77":11,"s:80:23:80:Infinity":12,"f:80:39:80:49":3,"s:80:49:80:72":13,"b:82:2:84:Infinity:undefined:undefined:undefined:undefined":3,"s:82:2:84:Infinity":14,"b:82:6:82:21:82:21:82:37:82:37:82:67":4,"s:83:4:83:Infinity":15,"s:86:2:86:Infinity":16,"f:92:9:92:33":4,"b:93:2:95:Infinity:undefined:undefined:undefined:undefined":5,"s:93:2:95:Infinity":17,"s:94:4:94:Infinity":18,"s:98:53:102:Infinity":19,"b:104:2:106:Infinity:undefined:undefined:undefined:undefined":6,"s:104:2:106:Infinity":20,"f:104:39:104:47":5,"s:104:47:104:77":21,"s:105:4:105:Infinity":22,"s:108:2:108:Infinity":23,"f:114:9:114:32":6,"s:116:19:116:Infinity":24,"f:116:36:116:37":7,"s:116:48:116:69":25,"b:118:2:124:Infinity:120:2:124:Infinity":7,"s:118:2:124:Infinity":26,"s:119:4:119:Infinity":27,"b:120:2:124:Infinity:122:9:124:Infinity":8,"s:120:2:124:Infinity":28,"s:121:4:121:Infinity":29,"s:123:4:123:Infinity":30,"f:130:9:130:Infinity":8,"s:135:24:135:Infinity":31,"s:136:26:136:Infinity":32,"s:137:25:137:Infinity":33,"s:138:24:138:Infinity":34,"s:141:4:144:Infinity":35,"s:146:2:146:Infinity":36,"f:152:16:152:Infinity":9,"s:157:23:161:Infinity":37,"f:157:34:157:44":10,"s:157:44:161:4":38,"s:164:2:164:Infinity":39,"f:164:20:164:21":11,"s:164:30:164:47":40,"s:167:2:170:Infinity":41,"f:167:38:167:39":12,"s:167:56:170:4":42,"f:176:9:176:Infinity":13,"s:181:28:181:Infinity":43,"s:184:22:184:Infinity":44,"b:185:2:189:Infinity:187:2:189:Infinity":9,"s:185:2:189:Infinity":45,"s:186:4:186:Infinity":46,"b:187:2:189:Infinity:undefined:undefined:undefined:undefined":10,"s:187:2:189:Infinity":47,"s:188:4:188:Infinity":48,"b:192:2:194:Infinity:undefined:undefined:undefined:undefined":11,"s:192:2:194:Infinity":49,"b:192:6:192:25:192:25:192:59":12,"s:193:4:193:Infinity":50,"b:197:2:199:Infinity:undefined:undefined:undefined:undefined":13,"s:197:2:199:Infinity":51,"s:198:4:198:Infinity":52,"b:202:2:204:Infinity:undefined:undefined:undefined:undefined":14,"s:202:2:204:Infinity":53,"s:203:4:203:Infinity":54,"b:207:2:209:Infinity:undefined:undefined:undefined:undefined":15,"s:207:2:209:Infinity":55,"s:208:4:208:Infinity":56,"s:211:2:211:Infinity":57,"f:217:16:217:34":14,"s:218:23:218:Infinity":58,"s:219:2:219:Infinity":59,"f:225:16:225:37":15,"s:226:23:226:Infinity":60,"s:227:2:227:Infinity":61,"f:233:16:233:39":16,"s:234:23:234:Infinity":62,"b:236:2:236:Infinity:undefined:undefined:undefined:undefined":16,"s:236:2:236:Infinity":63,"s:236:24:236:Infinity":64,"b:237:2:237:Infinity:undefined:undefined:undefined:undefined":17,"s:237:2:237:Infinity":65,"s:237:24:237:Infinity":66,"b:238:2:238:Infinity:undefined:undefined:undefined:undefined":18,"s:238:2:238:Infinity":67,"s:238:24:238:Infinity":68,"s:239:2:239:Infinity":69,"f:245:16:245:37":17,"s:246:22:246:Infinity":70,"s:247:25:247:Infinity":71,"f:247:39:247:40":18,"s:247:51:247:94":72,"s:248:27:248:Infinity":73,"f:248:41:248:42":19,"s:248:53:248:74":74,"s:249:32:249:Infinity":75,"f:249:46:249:47":20,"s:249:58:249:84":76,"s:250:24:250:Infinity":77,"f:250:38:250:39":21,"s:250:50:250:73":78,"s:252:2:260:Infinity":79,"f:258:36:258:41":22,"s:258:41:258:61":80,"f:259:39:259:44":23,"s:259:44:259:67":81}}}
,"C:\\Users\\Rahul Vadera\\IACP-3.0\\src\\services\\smartScheduler.ts": {"path":"C:\\Users\\Rahul Vadera\\IACP-3.0\\src\\services\\smartScheduler.ts","statementMap":{"0":{"start":{"line":40,"column":56},"end":{"line":54,"column":null}},"1":{"start":{"line":56,"column":45},"end":{"line":61,"column":null}},"2":{"start":{"line":63,"column":50},"end":{"line":68,"column":null}},"3":{"start":{"line":74,"column":39},"end":{"line":74,"column":null}},"4":{"start":{"line":75,"column":28},"end":{"line":75,"column":null}},"5":{"start":{"line":76,"column":21},"end":{"line":76,"column":null}},"6":{"start":{"line":77,"column":20},"end":{"line":77,"column":null}},"7":{"start":{"line":80,"column":16},"end":{"line":80,"column":null}},"8":{"start":{"line":81,"column":24},"end":{"line":81,"column":null}},"9":{"start":{"line":82,"column":18},"end":{"line":82,"column":null}},"10":{"start":{"line":85,"column":25},"end":{"line":92,"column":null}},"11":{"start":{"line":87,"column":23},"end":{"line":87,"column":null}},"12":{"start":{"line":88,"column":6},"end":{"line":90,"column":null}},"13":{"start":{"line":95,"column":2},"end":{"line":105,"column":null}},"14":{"start":{"line":96,"column":4},"end":{"line":104,"column":null}},"15":{"start":{"line":107,"column":2},"end":{"line":107,"column":null}},"16":{"start":{"line":114,"column":40},"end":{"line":119,"column":null}},"17":{"start":{"line":120,"column":2},"end":{"line":120,"column":null}},"18":{"start":{"line":127,"column":16},"end":{"line":127,"column":null}},"19":{"start":{"line":128,"column":22},"end":{"line":128,"column":null}},"20":{"start":{"line":129,"column":8},"end":{"line":129,"column":null}},"21":{"start":{"line":131,"column":18},"end":{"line":131,"column":null}},"22":{"start":{"line":132,"column":2},"end":{"line":132,"column":null}},"23":{"start":{"line":145,"column":17},"end":{"line":172,"column":null}},"24":{"start":{"line":177,"column":2},"end":{"line":177,"column":null}},"25":{"start":{"line":188,"column":20},"end":{"line":188,"column":null}},"26":{"start":{"line":190,"column":2},"end":{"line":195,"column":null}},"27":{"start":{"line":191,"column":4},"end":{"line":194,"column":null}},"28":{"start":{"line":198,"column":24},"end":{"line":198,"column":null}},"29":{"start":{"line":199,"column":19},"end":{"line":199,"column":null}},"30":{"start":{"line":201,"column":2},"end":{"line":205,"column":null}},"31":{"start":{"line":215,"column":27},"end":{"line":215,"column":null}},"32":{"start":{"line":217,"column":23},"end":{"line":217,"column":null}},"33":{"start":{"line":217,"column":43},"end":{"line":217,"column":57}},"34":{"start":{"line":219,"column":2},"end":{"line":223,"column":null}},"35":{"start":{"line":220,"column":4},"end":{"line":222,"column":null}},"36":{"start":{"line":221,"column":6},"end":{"line":221,"column":null}},"37":{"start":{"line":225,"column":2},"end":{"line":228,"column":null}}},"fnMap":{"0":{"name":"findOptimalHearingDates","decl":{"start":{"line":73,"column":16},"end":{"line":73,"column":40}},"loc":{"start":{"line":73,"column":89},"end":{"line":108,"column":null}},"line":73},"1":{"name":"(anonymous_1)","decl":{"start":{"line":86,"column":4},"end":{"line":86,"column":12}},"loc":{"start":{"line":86,"column":12},"end":{"line":91,"column":null}},"line":86},"2":{"name":"(anonymous_2)","decl":{"start":{"line":95,"column":37},"end":{"line":95,"column":45}},"loc":{"start":{"line":95,"column":45},"end":{"line":105,"column":3}},"line":95},"3":{"name":"getJudgeName","decl":{"start":{"line":113,"column":9},"end":{"line":113,"column":22}},"loc":{"start":{"line":113,"column":47},"end":{"line":121,"column":null}},"line":113},"4":{"name":"isValidHearingDate","decl":{"start":{"line":126,"column":16},"end":{"line":126,"column":35}},"loc":{"start":{"line":126,"column":82},"end":{"line":133,"column":null}},"line":126},"5":{"name":"generateNoticeOfHearing","decl":{"start":{"line":138,"column":16},"end":{"line":138,"column":null}},"loc":{"start":{"line":144,"column":10},"end":{"line":178,"column":null}},"line":144},"6":{"name":"dispatchCourtReporter","decl":{"start":{"line":183,"column":16},"end":{"line":183,"column":null}},"loc":{"start":{"line":187,"column":60},"end":{"line":206,"column":null}},"line":187},"7":{"name":"validateProSeService","decl":{"start":{"line":211,"column":16},"end":{"line":211,"column":null}},"loc":{"start":{"line":214,"column":40},"end":{"line":229,"column":null}},"line":214},"8":{"name":"(anonymous_8)","decl":{"start":{"line":217,"column":38},"end":{"line":217,"column":43}},"loc":{"start":{"line":217,"column":43},"end":{"line":217,"column":57}},"line":217},"9":{"name":"(anonymous_9)","decl":{"start":{"line":219,"column":23},"end":{"line":219,"column":32}},"loc":{"start":{"line":219,"column":32},"end":{"line":223,"column":3}},"line":219}},"branchMap":{"0":{"loc":{"start":{"line":75,"column":28},"end":{"line":75,"column":null}},"type":"binary-expr","locations":[{"start":{"line":75,"column":28},"end":{"line":75,"column":65}},{"start":{"line":75,"column":65},"end":{"line":75,"column":null}}],"line":75},"1":{"loc":{"start":{"line":76,"column":21},"end":{"line":76,"column":null}},"type":"binary-expr","locations":[{"start":{"line":76,"column":21},"end":{"line":76,"column":52}},{"start":{"line":76,"column":52},"end":{"line":76,"column":null}}],"line":76},"2":{"loc":{"start":{"line":77,"column":20},"end":{"line":77,"column":null}},"type":"binary-expr","locations":[{"start":{"line":77,"column":20},"end":{"line":77,"column":56}},{"start":{"line":77,"column":56},"end":{"line":77,"column":null}}],"line":77},"3":{"loc":{"start":{"line":81,"column":24},"end":{"line":81,"column":null}},"type":"cond-expr","locations":[{"start":{"line":81,"column":49},"end":{"line":81,"column":54}},{"start":{"line":81,"column":54},"end":{"line":81,"column":null}}],"line":81},"4":{"loc":{"start":{"line":88,"column":13},"end":{"line":90,"column":null}},"type":"binary-expr","locations":[{"start":{"line":88,"column":13},"end":{"line":88,"column":null}},{"start":{"line":89,"column":13},"end":{"line":89,"column":null}},{"start":{"line":90,"column":13},"end":{"line":90,"column":null}}],"line":88},"5":{"loc":{"start":{"line":120,"column":9},"end":{"line":120,"column":null}},"type":"binary-expr","locations":[{"start":{"line":120,"column":9},"end":{"line":120,"column":27}},{"start":{"line":120,"column":27},"end":{"line":120,"column":null}}],"line":120},"6":{"loc":{"start":{"line":131,"column":18},"end":{"line":131,"column":null}},"type":"cond-expr","locations":[{"start":{"line":131,"column":34},"end":{"line":131,"column":39}},{"start":{"line":131,"column":39},"end":{"line":131,"column":null}}],"line":131},"7":{"loc":{"start":{"line":162,"column":2},"end":{"line":162,"column":108}},"type":"cond-expr","locations":[{"start":{"line":162,"column":29},"end":{"line":162,"column":89}},{"start":{"line":162,"column":89},"end":{"line":162,"column":108}}],"line":162},"8":{"loc":{"start":{"line":170,"column":18},"end":{"line":170,"column":49}},"type":"binary-expr","locations":[{"start":{"line":170,"column":18},"end":{"line":170,"column":44}},{"start":{"line":170,"column":44},"end":{"line":170,"column":49}}],"line":170},"9":{"loc":{"start":{"line":188,"column":20},"end":{"line":188,"column":null}},"type":"binary-expr","locations":[{"start":{"line":188,"column":20},"end":{"line":188,"column":47}},{"start":{"line":188,"column":47},"end":{"line":188,"column":null}}],"line":188},"10":{"loc":{"start":{"line":190,"column":2},"end":{"line":195,"column":null}},"type":"if","locations":[{"start":{"line":190,"column":2},"end":{"line":195,"column":null}},{"start":{},"end":{}}],"line":190},"11":{"loc":{"start":{"line":220,"column":4},"end":{"line":222,"column":null}},"type":"if","locations":[{"start":{"line":220,"column":4},"end":{"line":222,"column":null}},{"start":{},"end":{}}],"line":220}},"s":{"0":1,"1":1,"2":1,"3":5,"4":5,"5":5,"6":5,"7":5,"8":5,"9":5,"10":5,"11":19,"12":19,"13":5,"14":3,"15":5,"16":3,"17":3,"18":0,"19":0,"20":0,"21":0,"22":0,"23":2,"24":2,"25":4,"26":4,"27":1,"28":3,"29":3,"30":3,"31":5,"32":5,"33":6,"34":5,"35":3,"36":2,"37":5},"f":{"0":5,"1":19,"2":3,"3":3,"4":0,"5":2,"6":4,"7":5,"8":6,"9":3},"b":{"0":[5,1],"1":[5,0],"2":[5,0],"3":[1,4],"4":[19,12,3],"5":[3,0],"6":[0,0],"7":[0,2],"8":[2,2],"9":[4,1],"10":[1,3],"11":[2,1]},"meta":{"lastBranch":12,"lastFunction":10,"lastStatement":38,"seen":{"s:40:56:54:Infinity":0,"s:56:45:61:Infinity":1,"s:63:50:68:Infinity":2,"f:73:16:73:40":0,"s:74:39:74:Infinity":3,"s:75:28:75:Infinity":4,"b:75:28:75:65:75:65:75:Infinity":0,"s:76:21:76:Infinity":5,"b:76:21:76:52:76:52:76:Infinity":1,"s:77:20:77:Infinity":6,"b:77:20:77:56:77:56:77:Infinity":2,"s:80:16:80:Infinity":7,"s:81:24:81:Infinity":8,"b:81:49:81:54:81:54:81:Infinity":3,"s:82:18:82:Infinity":9,"s:85:25:92:Infinity":10,"f:86:4:86:12":1,"s:87:23:87:Infinity":11,"s:88:6:90:Infinity":12,"b:88:13:88:Infinity:89:13:89:Infinity:90:13:90:Infinity":4,"s:95:2:105:Infinity":13,"f:95:37:95:45":2,"s:96:4:104:Infinity":14,"s:107:2:107:Infinity":15,"f:113:9:113:22":3,"s:114:40:119:Infinity":16,"s:120:2:120:Infinity":17,"b:120:9:120:27:120:27:120:Infinity":5,"f:126:16:126:35":4,"s:127:16:127:Infinity":18,"s:128:22:128:Infinity":19,"s:129:8:129:Infinity":20,"s:131:18:131:Infinity":21,"b:131:34:131:39:131:39:131:Infinity":6,"s:132:2:132:Infinity":22,"f:138:16:138:Infinity":5,"s:145:17:172:Infinity":23,"b:162:29:162:89:162:89:162:108":7,"b:170:18:170:44:170:44:170:49":8,"s:177:2:177:Infinity":24,"f:183:16:183:Infinity":6,"s:188:20:188:Infinity":25,"b:188:20:188:47:188:47:188:Infinity":9,"b:190:2:195:Infinity:undefined:undefined:undefined:undefined":10,"s:190:2:195:Infinity":26,"s:191:4:194:Infinity":27,"s:198:24:198:Infinity":28,"s:199:19:199:Infinity":29,"s:201:2:205:Infinity":30,"f:211:16:211:Infinity":7,"s:215:27:215:Infinity":31,"s:217:23:217:Infinity":32,"f:217:38:217:43":8,"s:217:43:217:57":33,"s:219:2:223:Infinity":34,"f:219:23:219:32":9,"b:220:4:222:Infinity:undefined:undefined:undefined:undefined":11,"s:220:4:222:Infinity":35,"s:221:6:221:Infinity":36,"s:225:2:228:Infinity":37}}}
}
